0.952719
0.823420
0.986486
0.930958
0.968170
0.947917
0.949640
0.930649
0.977011
0.876957
0.934393
0.967419
0.874296
0.979434
0.937360
0.962865
0.963585
0.960094
0.953333
0.980609
0.878525
0.945752
0.953125
0.856624
0.989218
0.927928
0.976064
0.932945
0.951613
0.917431
0.973607
0.881579
0.936013
0.943627
0.834879
0.985994
0.946860
0.968059
0.948320
0.950820
0.936441
0.965418
0.880090
0.936051
0.940000
0.857965
0.976744
0.930716
0.975728
0.915842
0.947368
0.915332
0.977778
0.861991
0.929946
0.944578
0.850909
0.987013
0.901345
0.970443
0.953552
0.957346
0.932203
0.979228
0.891304
0.936792
0.958738
0.842202
0.985795
0.937063
0.977273
0.941176
0.950562
0.918750
0.981283
0.875610
0.936845
0.969767
0.845324
0.991124
0.935867
0.977961
0.961340
0.967254
0.925439
0.972292
0.881057
0.942743
0.953846
0.867430
0.991848
0.927230
0.944928
0.935933
0.940191
0.930556
0.972067
0.876168
0.934020
0.950820
0.833024
0.987277
0.947494
0.958549
0.945402
0.948430
0.902326
0.967123
0.890380
0.933083
0.947867
0.778559
0.983287
0.918736
0.959893
0.931579
0.946341
0.914989
0.970674
0.852747
0.920467
0.964736
0.826855
0.978437
0.911111
0.953804
0.956772
0.951049
0.937639
0.974432
0.847134
0.930197
0.937916
0.808219
0.986034
0.900000
0.975477
0.932099
0.942396
0.889908
0.969419
0.855011
0.919648
0.938575
0.792254
0.979651
0.928401
0.967337
0.949602
0.948235
0.915789
0.955621
0.846325
0.922179
0.929360
0.827778
0.978892
0.914943
0.960976
0.920918
0.935162
0.914550
0.983333
0.835886
0.920180
0.930622
0.789207
0.986413
0.891892
0.952854
0.951977
0.944976
0.926108
0.972561
0.865385
0.921200
0.944712
0.792096
0.987915
0.913753
0.966581
0.939481
0.945701
0.914405
0.963687
0.833724
0.920206
