0.992611
0.997748
0.871122
0.916667
0.919395
0.903226
0.972973
0.924444
0.839506
0.949153
0.928684
0.984694
0.989384
0.920290
0.935268
0.909774
0.932249
0.966903
0.955457
0.871921
0.944056
0.941000
0.983871
0.995781
0.863529
0.938497
0.929114
0.922190
0.964953
0.956938
0.813725
0.930556
0.929915
0.984655
0.995575
0.850242
0.926714
0.907834
0.938619
0.971292
0.928571
0.872396
0.932854
0.930875
0.983721
0.986755
0.879070
0.920091
0.897321
0.925000
0.984375
0.934579
0.804178
0.938424
0.925351
0.984925
0.995745
0.871560
0.919908
0.916279
0.918421
0.968825
0.948276
0.835443
0.951276
0.931066
0.977723
0.993506
0.876263
0.945882
0.921429
0.918033
0.986014
0.940299
0.847575
0.906566
0.931329
0.990499
0.993658
0.841709
0.944844
0.919689
0.937186
0.987147
0.929515
0.885321
0.934579
0.936415
0.984127
0.996241
0.894608
0.914352
0.903047
0.893617
0.975186
0.926267
0.836538
0.944584
0.926857
0.978313
0.991170
0.887872
0.910550
0.920398
0.901370
0.963554
0.930456
0.889169
0.906606
0.927946
0.985222
0.997748
0.842482
0.892544
0.904282
0.878412
0.953317
0.908889
0.817284
0.939467
0.911965
0.977041
0.993631
0.876812
0.915179
0.879699
0.899729
0.964539
0.937639
0.844828
0.930070
0.921917
0.974654
0.995781
0.830588
0.922551
0.906329
0.870317
0.955607
0.928230
0.776961
0.928241
0.908926
0.976982
0.995575
0.814010
0.919622
0.887097
0.915601
0.964115
0.913866
0.841146
0.911271
0.913928
0.979070
0.986755
0.862791
0.908676
0.879464
0.902500
0.976562
0.925234
0.770235
0.940887
0.913217
0.977387
0.995745
0.832569
0.906178
0.893023
0.886842
0.947242
0.926108
0.807595
0.939675
0.911236
0.972772
0.997835
0.825758
0.922353
0.895238
0.890710
0.974359
0.933902
0.796767
0.898990
0.910868
