8.675251e+04
6.736154e+04
4.766386e+04
3.096480e+04
2.261153e+04
1.644403e+04
1.211136e+04
6.138254e+03
5.069701e+03
4.731091e+03
8.667256e+04
6.729837e+04
4.755944e+04
3.088593e+04
2.265683e+04
1.637028e+04
1.196965e+04
6.147526e+03
4.932100e+03
4.652259e+03
8.578803e+04
6.734676e+04
4.746021e+04
3.100368e+04
2.287310e+04
1.648234e+04
1.201283e+04
6.162245e+03
5.049986e+03
4.671413e+03
8.708878e+04
6.702530e+04
4.764211e+04
3.102044e+04
2.261798e+04
1.659948e+04
1.194542e+04
6.122179e+03
5.085298e+03
4.655209e+03
8.598039e+04
6.714293e+04
4.782759e+04
3.102741e+04
2.256295e+04
1.668529e+04
1.190978e+04
6.107187e+03
5.132130e+03
4.665345e+03
8.702245e+04
6.738907e+04
4.748712e+04
3.116420e+04
2.255194e+04
1.657044e+04
1.194024e+04
6.095320e+03
4.939466e+03
4.681356e+03
8.652868e+04
6.715727e+04
4.749102e+04
3.116630e+04
2.296431e+04
1.641149e+04
1.193354e+04
6.181338e+03
5.111747e+03
4.728730e+03
8.586558e+04
6.737409e+04
4.805819e+04
3.111797e+04
2.296233e+04
1.646779e+04
1.202713e+04
6.062177e+03
5.064697e+03
4.755435e+03
8.515008e+04
6.747067e+04
4.796495e+04
3.072801e+04
2.263405e+04
1.649239e+04
1.198182e+04
6.118131e+03
5.120650e+03
4.708731e+03
8.679702e+04
6.740106e+04
4.747198e+04
3.126825e+04
2.272208e+04
1.668045e+04
1.198664e+04
6.172994e+03
5.139465e+03
4.684250e+03
8.675251e+04
6.736154e+04
4.766386e+04
3.096480e+04
2.261153e+04
1.644403e+04
1.211136e+04
6.138254e+03
5.069701e+03
4.731091e+03
8.667256e+04
6.729837e+04
4.755944e+04
3.088593e+04
2.265683e+04
1.637028e+04
1.196965e+04
6.147526e+03
4.932100e+03
4.652259e+03
8.578803e+04
6.734676e+04
4.746021e+04
3.100368e+04
2.287310e+04
1.648234e+04
1.201283e+04
6.162245e+03
5.049986e+03
4.671413e+03
8.708878e+04
6.702530e+04
4.764211e+04
3.102044e+04
2.261798e+04
1.659948e+04
1.194542e+04
6.122179e+03
5.085298e+03
4.655209e+03
8.598039e+04
6.714293e+04
4.782759e+04
3.102741e+04
2.256295e+04
1.668529e+04
1.190978e+04
6.107187e+03
5.132130e+03
4.665345e+03
8.702245e+04
6.738907e+04
4.748712e+04
3.116420e+04
2.255194e+04
1.657044e+04
1.194024e+04
6.095320e+03
4.939466e+03
4.681356e+03
8.652868e+04
6.715727e+04
4.749102e+04
3.116630e+04
2.296431e+04
1.641149e+04
1.193354e+04
6.181338e+03
5.111747e+03
4.728730e+03
8.586558e+04
6.737409e+04
4.805819e+04
3.111797e+04
2.296233e+04
1.646779e+04
1.202713e+04
6.062177e+03
5.064697e+03
4.755435e+03
