0.987805
0.967105
0.975845
0.968958
0.966921
0.972431
0.968900
0.968820
0.977273
0.951691
0.970575
0.989744
0.981211
0.968974
0.979730
0.979328
0.983696
0.985882
0.984410
0.982630
0.944954
0.978056
0.986270
0.979253
0.990408
0.970183
0.971867
0.965418
0.970252
0.962529
0.979899
0.950935
0.972701
0.982323
0.980220
0.978261
0.980488
0.981308
0.979381
0.967366
0.968354
0.973684
0.948357
0.973974
0.977117
0.980349
0.979215
0.974537
0.986270
0.945946
0.981771
0.976744
0.975477
0.937349
0.971478
0.985149
0.983193
0.977064
0.960465
0.990654
0.965608
0.983294
0.968523
0.976744
0.976690
0.976738
0.987562
0.982759
0.974811
0.978723
0.980769
0.967123
0.977117
0.970339
0.971564
0.937811
0.972858
0.981265
0.981172
0.977444
0.975610
0.974293
0.977556
0.987212
0.973510
0.985981
0.966981
0.978102
0.990909
0.983240
0.977941
0.976471
0.966759
0.960836
0.977887
0.961098
0.982716
0.967254
0.974511
0.985646
0.976087
0.974654
0.992857
0.970149
0.967213
0.979775
0.955083
0.969849
0.965438
0.973675
0.985366
0.954644
0.975550
0.966518
0.968992
0.967581
0.964200
0.964444
0.969697
0.932854
0.964985
0.994845
0.968944
0.971154
0.966443
0.969388
0.980716
0.981265
0.984340
0.977612
0.940230
0.973494
0.981777
0.969199
0.985542
0.959091
0.981865
0.968023
0.970115
0.964953
0.979747
0.948956
0.970927
0.982323
0.971678
0.980535
0.978155
0.981439
0.981771
0.965116
0.966387
0.973615
0.947867
0.972889
0.979358
0.976087
0.974713
0.967667
0.988453
0.941889
0.976744
0.976690
0.972145
0.930120
0.968387
0.989975
0.976987
0.979310
0.960648
0.981439
0.965517
0.978520
0.975490
0.969388
0.962704
0.973998
0.990050
0.976445
0.977157
0.973934
0.983092
0.969863
0.961625
0.970339
0.964539
0.937186
0.970423
0.983607
0.977131
0.987147
0.970803
0.979275
0.974811
0.984655
0.969432
0.977064
0.964623
0.976855
0.986425
0.974170
0.977833
0.964871
0.963989
0.954787
0.963768
0.954233
0.980000
0.962025
0.968210
0.985646
0.965591
0.974654
0.988152
0.962963
0.956757
0.973094
0.959524
0.974293
0.960557
0.970123
0.987805
0.944444
0.973301
0.957494
0.978947
0.960298
0.966427
0.968397
0.966921
0.925059
0.962909
0.989744
0.962963
0.971223
0.972912
0.974227
0.986264
0.976636
0.977925
0.982278
0.940367
0.973454
0.979592
0.969199
0.990220
0.954853
0.984211
0.965116
0.967963
0.964953
0.977157
0.938215
0.969148
0.972431
0.971800
0.980488
0.980344
0.985816
0.974227
0.960557
0.964286
0.965608
0.934426
0.968998
0.979358
0.980263
0.976798
0.956322
0.984055
0.932367
0.971722
0.969767
0.980282
0.934940
0.966587
0.980149
0.972917
0.976798
0.958140
0.988235
0.965517
0.969121
0.972973
0.966667
0.956422
0.970694
0.985149
0.966030
0.979487
0.978469
0.987864
0.967123
0.953020
0.976445
0.966825
0.928218
0.968863
0.983607
0.965092
0.986945
0.973171
0.981771
0.974811
0.982188
0.960784
0.972222
0.953271
0.973386
0.982022
0.972376
0.980050
0.968974
0.966292
0.957333
0.954545
0.947489
0.970223
0.947761
0.964707
0.985542
0.957356
0.967816
0.983294
0.972222
0.958791
0.964286
0.959427
0.967089
0.950000
0.966582
0.987805
0.942431
0.975550
0.951220
0.974093
0.962406
0.961814
0.968539
0.964194
0.933492
0.962154
0.992268
0.958932
0.964115
0.968397
0.974093
0.978202
0.972028
0.979911
0.977215
0.933941
0.969910
0.979592
0.969136
0.990220
0.956916
0.984334
0.965116
0.965753
0.958042
0.979487
0.931663
0.968026
0.977273
0.969762
0.980392
0.973039
0.981265
0.969152
0.962791
0.964211
0.963061
0.936471
0.967742
0.977117
0.973970
0.978923
0.956120
0.983871
0.929952
0.971722
0.965116
0.971989
0.923445
0.963222
0.980100
0.972917
0.976744
0.949192
0.983529
0.970745
0.971496
0.975309
0.961832
0.954023
0.969589
0.982716
0.962025
0.974359
0.976190
0.992629
0.961957
0.952915
0.972222
0.971223
0.925926
0.967216
0.974478
0.963115
0.984375
0.970803
0.981771
0.972431
0.979695
0.960613
0.974419
0.957346
0.971905
0.979775
0.968750
0.970149
0.957647
0.963277
0.957333
0.956835
0.945205
0.970223
0.947103
0.961630
0.983213
0.955319
0.967890
0.983173
0.965000
0.950820
0.966518
0.952607
0.964557
0.955814
0.964491
0.982968
0.936441
0.982587
0.946903
0.979058
0.952736
0.961722
0.966292
0.964103
0.924883
0.959769
0.992268
0.956879
0.963942
0.966216
0.971429
0.978202
0.969767
0.975556
0.979695
0.929385
0.968334
0.977376
0.965092
0.987775
0.958998
0.986807
0.965116
0.957014
0.960280
0.976923
0.929545
0.966493
0.972362
0.957356
0.980247
0.975369
0.983173
0.959079
0.953917
0.965885
0.954907
0.914943
0.961724
0.977117
0.963441
0.978873
0.956120
0.983796
0.932203
0.966752
0.962704
0.969101
0.918660
0.960877
0.975186
0.962810
0.976526
0.955607
0.983412
0.965699
0.960000
0.965686
0.961340
0.947368
0.965364
0.977887
0.960000
0.976804
0.978571
0.992611
0.972603
0.957207
0.968017
0.966427
0.919315
0.966944
0.981308
0.963115
0.981818
0.968370
0.984211
0.972362
0.979695
0.956044
0.972222
0.941725
0.970087
0.982022
0.963504
0.970149
0.959716
0.968750
0.952128
0.959135
0.949425
0.967662
0.937811
0.961030
0.978469
0.955319
0.967890
0.985437
0.965174
0.953297
0.964286
0.950355
0.957393
0.953271
0.963089
