0.997537
0.993243
0.964200
0.958333
0.957179
0.962779
0.995086
0.966667
0.955556
0.953995
0.970458
0.984694
0.997877
0.980676
0.970982
0.949875
0.981030
0.990544
0.984410
0.975369
0.960373
0.977583
0.993088
0.995781
0.971765
0.963554
0.962025
0.965418
0.990654
0.983254
0.955882
0.942130
0.972355
0.994885
0.986726
0.978261
0.950355
0.967742
0.971867
0.992823
0.964286
0.963542
0.968825
0.973931
0.993023
0.991170
0.986047
0.961187
0.962054
0.962500
0.981771
0.981308
0.934726
0.958128
0.971191
1.000000
0.995745
0.977064
0.945080
0.986047
0.960526
0.988010
0.985222
0.956962
0.972158
0.976681
0.982673
0.987013
0.977273
0.974118
0.971429
0.964481
0.995338
0.976546
0.946882
0.952020
0.972777
0.995249
0.991543
0.979899
0.959233
0.981865
0.984925
0.992288
0.971366
0.967890
0.957944
0.978220
0.988662
0.992481
0.977941
0.960648
0.966759
0.978723
0.987593
0.967742
0.956731
0.967254
0.974454
0.992771
0.991170
0.967963
0.956422
0.970149
0.969863
0.993166
0.968825
0.972292
0.954442
0.973706
0.995074
0.995495
0.952267
0.949561
0.944584
0.962779
0.992629
0.964444
0.948148
0.941889
0.964687
0.984694
0.993631
0.975845
0.964286
0.952381
0.964770
0.990544
0.979955
0.967980
0.953380
0.972747
0.993088
0.995781
0.962353
0.961276
0.959494
0.959654
0.985981
0.988038
0.948529
0.946759
0.970095
0.994885
0.986726
0.973430
0.952719
0.974654
0.964194
0.992823
0.966387
0.960938
0.959233
0.972599
0.993023
0.991170
0.986047
0.956621
0.955357
0.972500
0.984375
0.978972
0.911227
0.950739
0.968003
0.992462
0.993617
0.977064
0.949657
0.983721
0.957895
0.983213
0.980296
0.962025
0.958237
0.973819
0.985149
0.987013
0.972222
0.967059
0.969048
0.967213
0.993007
0.976546
0.942263
0.941919
0.970144
0.997625
0.993658
0.964824
0.956835
0.979275
0.972362
0.989717
0.977974
0.977064
0.955607
0.976494
0.988662
0.992481
0.973039
0.953704
0.963989
0.954787
0.990074
0.960829
0.942308
0.957179
0.967705
0.992771
0.991170
0.967963
0.956422
0.970149
0.969863
0.988610
0.966427
0.954660
0.943052
0.970109
0.997537
0.995495
0.957041
0.938596
0.937028
0.960298
0.990172
0.953333
0.938272
0.956416
0.962419
0.984694
0.993631
0.978261
0.962054
0.947368
0.972900
0.988180
0.986637
0.955665
0.955711
0.972510
0.995392
0.995781
0.952941
0.963554
0.946835
0.956772
0.988318
0.988038
0.943627
0.949074
0.968033
0.992327
0.991150
0.971014
0.943262
0.960829
0.966752
0.990431
0.964286
0.950521
0.956835
0.968741
