3.355227e+05
2.457138e+05
2.107129e+05
1.844124e+05
1.681223e+05
1.480353e+05
1.128081e+05
9.934827e+04
9.543394e+04
8.071980e+04
7.201633e+04
7.056405e+04
5.856725e+04
5.822030e+04
5.445230e+04
5.102301e+04
4.533231e+04
4.416432e+04
4.075834e+04
3.964039e+04
3.678708e+04
3.492457e+04
3.310300e+04
3.125065e+04
3.043198e+04
2.890067e+04
2.788609e+04
2.656232e+04
2.537645e+04
2.357701e+04
3.354676e+05
2.462700e+05
2.108769e+05
1.841152e+05
1.680450e+05
1.473602e+05
1.126320e+05
9.956162e+04
9.504287e+04
8.045586e+04
7.196289e+04
7.057397e+04
5.828145e+04
5.817794e+04
5.429332e+04
5.088749e+04
4.539078e+04
4.403798e+04
4.093804e+04
3.960035e+04
3.668296e+04
3.465539e+04
3.315624e+04
3.138916e+04
3.056103e+04
2.885521e+04
2.796337e+04
2.650435e+04
2.544788e+04
2.363547e+04
3.346273e+05
2.456295e+05
2.111862e+05
1.844758e+05
1.677440e+05
1.477862e+05
1.124282e+05
9.925965e+04
9.475769e+04
8.084171e+04
7.229834e+04
7.103308e+04
5.861065e+04
5.803995e+04
5.431663e+04
5.099879e+04
4.526981e+04
4.387928e+04
4.076418e+04
3.977600e+04
3.691739e+04
3.489383e+04
3.307365e+04
3.123512e+04
3.054169e+04
2.873392e+04
2.784840e+04
2.679442e+04
2.541411e+04
2.357809e+04
3.359387e+05
2.454265e+05
2.110080e+05
1.848026e+05
1.678296e+05
1.476864e+05
1.123785e+05
9.915564e+04
9.510935e+04
7.996839e+04
7.212821e+04
7.041341e+04
5.840520e+04
5.830797e+04
5.444194e+04
5.105579e+04
4.543746e+04
4.405248e+04
4.087525e+04
3.950133e+04
3.688739e+04
3.502725e+04
3.308350e+04
3.132258e+04
3.043204e+04
2.882449e+04
2.794970e+04
2.665375e+04
2.542550e+04
2.350699e+04
3.340485e+05
2.454842e+05
2.107664e+05
1.849301e+05
1.679206e+05
1.473201e+05
1.121046e+05
9.933632e+04
9.493088e+04
8.032548e+04
7.194153e+04
7.095223e+04
5.847871e+04
5.807786e+04
5.447087e+04
5.095790e+04
4.533013e+04
4.395160e+04
4.086457e+04
3.943730e+04
3.662584e+04
3.487088e+04
3.309697e+04
3.129769e+04
3.031203e+04
2.874427e+04
2.788977e+04
2.681411e+04
2.550674e+04
2.355754e+04
3.353675e+05
2.461372e+05
2.109377e+05
1.844168e+05
1.686253e+05
1.475871e+05
1.125679e+05
9.951200e+04
9.510045e+04
8.099612e+04
7.190274e+04
7.026540e+04
5.836779e+04
5.807297e+04
5.412949e+04
5.064018e+04
4.521237e+04
4.416244e+04
4.099565e+04
3.960970e+04
3.683779e+04
3.477048e+04
3.310989e+04
3.137008e+04
3.051388e+04
2.889193e+04
2.781495e+04
2.667192e+04
2.541392e+04
2.355172e+04
3.343024e+05
2.454672e+05
2.114273e+05
1.851809e+05
1.682329e+05
1.476267e+05
1.125940e+05
9.931743e+04
9.521168e+04
8.082760e+04
7.207952e+04
7.056136e+04
5.846231e+04
5.814412e+04
5.433402e+04
5.093738e+04
4.528216e+04
4.410972e+04
4.075613e+04
3.955281e+04
3.688417e+04
3.481245e+04
3.313775e+04
3.138946e+04
3.050866e+04
2.870940e+04
2.792191e+04
2.673504e+04
2.541263e+04
2.367124e+04
3.338451e+05
2.462080e+05
2.110059e+05
1.857676e+05
1.683650e+05
1.484608e+05
1.128309e+05
9.921708e+04
9.498877e+04
8.054805e+04
7.229896e+04
7.103497e+04
5.848554e+04
5.792052e+04
5.412795e+04
5.108208e+04
4.539550e+04
4.400810e+04
4.067511e+04
3.954608e+04
3.688542e+04
3.496789e+04
3.322092e+04
3.132253e+04
3.047820e+04
2.878455e+04
2.780553e+04
2.678265e+04
2.546687e+04
2.359840e+04
3.337024e+05
2.467325e+05
2.114875e+05
1.850184e+05
1.675251e+05
1.478547e+05
1.124649e+05
9.938226e+04
9.491649e+04
8.104993e+04
7.211612e+04
7.088231e+04
5.852226e+04
5.791740e+04
5.422627e+04
5.099304e+04
4.525133e+04
4.414855e+04
4.068952e+04
3.959879e+04
3.689685e+04
3.488037e+04
3.321477e+04
3.152136e+04
3.046636e+04
2.881306e+04
2.794328e+04
2.681985e+04
2.542238e+04
2.358771e+04
3.350884e+05
2.459067e+05
2.111994e+05
1.842223e+05
1.683494e+05
1.480104e+05
1.125908e+05
9.914007e+04
9.468040e+04
8.092166e+04
7.224936e+04
7.077729e+04
5.868968e+04
5.833335e+04
5.415930e+04
5.080224e+04
4.535730e+04
4.399147e+04
4.069357e+04
3.956689e+04
3.681924e+04
3.484349e+04
3.315352e+04
3.142140e+04
3.055832e+04
2.878706e+04
2.776327e+04
2.662254e+04
2.543108e+04
2.355372e+04
3.355227e+05
2.457138e+05
2.107129e+05
1.844124e+05
1.681223e+05
1.480353e+05
1.128081e+05
9.934827e+04
9.543394e+04
8.071980e+04
7.201633e+04
7.056405e+04
5.856725e+04
5.822030e+04
5.445230e+04
5.102301e+04
4.533231e+04
4.416432e+04
4.075834e+04
3.964039e+04
3.678708e+04
3.492457e+04
3.310300e+04
3.125065e+04
3.043198e+04
2.890067e+04
2.788609e+04
2.656232e+04
2.537645e+04
2.357701e+04
3.354676e+05
2.462700e+05
2.108769e+05
1.841152e+05
1.680450e+05
1.473602e+05
1.126320e+05
9.956162e+04
9.504287e+04
8.045586e+04
7.196289e+04
7.057397e+04
5.828145e+04
5.817794e+04
5.429332e+04
5.088749e+04
4.539078e+04
4.403798e+04
4.093804e+04
3.960035e+04
3.668296e+04
3.465539e+04
3.315624e+04
3.138916e+04
3.056103e+04
2.885521e+04
2.796337e+04
2.650435e+04
2.544788e+04
2.363547e+04
3.346273e+05
2.456295e+05
2.111862e+05
1.844758e+05
1.677440e+05
1.477862e+05
1.124282e+05
9.925965e+04
9.475769e+04
8.084171e+04
7.229834e+04
7.103308e+04
5.861065e+04
5.803995e+04
5.431663e+04
5.099879e+04
4.526981e+04
4.387928e+04
4.076418e+04
3.977600e+04
3.691739e+04
3.489383e+04
3.307365e+04
3.123512e+04
3.054169e+04
2.873392e+04
2.784840e+04
2.679442e+04
2.541411e+04
2.357809e+04
3.359387e+05
2.454265e+05
2.110080e+05
1.848026e+05
1.678296e+05
1.476864e+05
1.123785e+05
9.915564e+04
9.510935e+04
7.996839e+04
7.212821e+04
7.041341e+04
5.840520e+04
5.830797e+04
5.444194e+04
5.105579e+04
4.543746e+04
4.405248e+04
4.087525e+04
3.950133e+04
3.688739e+04
3.502725e+04
3.308350e+04
3.132258e+04
3.043204e+04
2.882449e+04
2.794970e+04
2.665375e+04
2.542550e+04
2.350699e+04
3.340485e+05
2.454842e+05
2.107664e+05
1.849301e+05
1.679206e+05
1.473201e+05
1.121046e+05
9.933632e+04
9.493088e+04
8.032548e+04
7.194153e+04
7.095223e+04
5.847871e+04
5.807786e+04
5.447087e+04
5.095790e+04
4.533013e+04
4.395160e+04
4.086457e+04
3.943730e+04
3.662584e+04
3.487088e+04
3.309697e+04
3.129769e+04
3.031203e+04
2.874427e+04
2.788977e+04
2.681411e+04
2.550674e+04
2.355754e+04
3.353675e+05
2.461372e+05
2.109377e+05
1.844168e+05
1.686253e+05
1.475871e+05
1.125679e+05
9.951200e+04
9.510045e+04
8.099612e+04
7.190274e+04
7.026540e+04
5.836779e+04
5.807297e+04
5.412949e+04
5.064018e+04
4.521237e+04
4.416244e+04
4.099565e+04
3.960970e+04
3.683779e+04
3.477048e+04
3.310989e+04
3.137008e+04
3.051388e+04
2.889193e+04
2.781495e+04
2.667192e+04
2.541392e+04
2.355172e+04
3.343024e+05
2.454672e+05
2.114273e+05
1.851809e+05
1.682329e+05
1.476267e+05
1.125940e+05
9.931743e+04
9.521168e+04
8.082760e+04
7.207952e+04
7.056136e+04
5.846230e+04
5.814412e+04
5.433402e+04
5.093738e+04
4.528216e+04
4.410972e+04
4.075613e+04
3.955281e+04
3.688417e+04
3.481245e+04
3.313775e+04
3.138946e+04
3.050866e+04
2.870940e+04
2.792191e+04
2.673504e+04
2.541263e+04
2.367124e+04
3.338451e+05
2.462080e+05
2.110059e+05
1.857676e+05
1.683650e+05
1.484608e+05
1.128309e+05
9.921708e+04
9.498877e+04
8.054805e+04
7.229896e+04
7.103497e+04
5.848554e+04
5.792052e+04
5.412795e+04
5.108208e+04
4.539550e+04
4.400810e+04
4.067511e+04
3.954608e+04
3.688542e+04
3.496789e+04
3.322092e+04
3.132253e+04
3.047820e+04
2.878455e+04
2.780553e+04
2.678265e+04
2.546687e+04
2.359840e+04
3.337024e+05
2.467325e+05
2.114875e+05
1.850184e+05
1.675251e+05
1.478547e+05
1.124649e+05
9.938227e+04
9.491649e+04
8.104993e+04
7.211612e+04
7.088231e+04
5.852226e+04
5.791740e+04
5.422627e+04
5.099304e+04
4.525133e+04
4.414855e+04
4.068952e+04
3.959879e+04
3.689685e+04
3.488037e+04
3.321477e+04
3.152136e+04
3.046636e+04
2.881306e+04
2.794328e+04
2.681985e+04
2.542238e+04
2.358771e+04
3.350884e+05
2.459067e+05
2.111994e+05
1.842223e+05
1.683494e+05
1.480104e+05
1.125908e+05
9.914007e+04
9.468040e+04
8.092166e+04
7.224936e+04
7.077729e+04
5.868968e+04
5.833335e+04
5.415930e+04
5.080224e+04
4.535730e+04
4.399147e+04
4.069357e+04
3.956689e+04
3.681924e+04
3.484349e+04
3.315352e+04
3.142140e+04
3.055832e+04
2.878706e+04
2.776327e+04
2.662254e+04
2.543108e+04
2.355372e+04
3.355227e+05
2.457138e+05
2.107129e+05
1.844124e+05
1.681223e+05
1.480353e+05
1.128081e+05
9.934827e+04
9.543394e+04
8.071980e+04
7.201633e+04
7.056405e+04
5.856725e+04
5.822030e+04
5.445230e+04
5.102301e+04
4.533231e+04
4.416432e+04
4.075834e+04
3.964039e+04
3.678708e+04
3.492457e+04
3.310300e+04
3.125065e+04
3.043198e+04
2.890067e+04
2.788609e+04
2.656232e+04
2.537645e+04
2.357701e+04
3.354676e+05
2.462700e+05
2.108769e+05
1.841152e+05
1.680450e+05
1.473602e+05
1.126320e+05
9.956162e+04
9.504287e+04
8.045586e+04
7.196289e+04
7.057397e+04
5.828145e+04
5.817794e+04
5.429332e+04
5.088749e+04
4.539078e+04
4.403798e+04
4.093804e+04
3.960035e+04
3.668296e+04
3.465539e+04
3.315624e+04
3.138916e+04
3.056103e+04
2.885521e+04
2.796337e+04
2.650435e+04
2.544788e+04
2.363547e+04
3.346273e+05
2.456295e+05
2.111862e+05
1.844758e+05
1.677440e+05
1.477862e+05
1.124282e+05
9.925965e+04
9.475769e+04
8.084171e+04
7.229834e+04
7.103308e+04
5.861065e+04
5.803995e+04
5.431663e+04
5.099879e+04
4.526981e+04
4.387928e+04
4.076418e+04
3.977600e+04
3.691739e+04
3.489383e+04
3.307365e+04
3.123512e+04
3.054169e+04
2.873392e+04
2.784840e+04
2.679442e+04
2.541411e+04
2.357809e+04
3.359387e+05
2.454265e+05
2.110080e+05
1.848026e+05
1.678296e+05
1.476864e+05
1.123785e+05
9.915564e+04
9.510935e+04
7.996839e+04
7.212821e+04
7.041341e+04
5.840520e+04
5.830797e+04
5.444194e+04
5.105579e+04
4.543746e+04
4.405248e+04
4.087525e+04
3.950133e+04
3.688739e+04
3.502725e+04
3.308350e+04
3.132258e+04
3.043204e+04
2.882449e+04
2.794970e+04
2.665375e+04
2.542550e+04
2.350699e+04
