3.355227e+05
2.457138e+05
3.354676e+05
2.462700e+05
3.346273e+05
2.456295e+05
3.359387e+05
2.454265e+05
3.340485e+05
2.454842e+05
3.353675e+05
2.461372e+05
3.343024e+05
2.454672e+05
3.338451e+05
2.462080e+05
3.337024e+05
2.467325e+05
3.350884e+05
2.459067e+05
3.355227e+05
2.457138e+05
2.107129e+05
1.844124e+05
3.354676e+05
2.462700e+05
2.108769e+05
1.841152e+05
3.346273e+05
2.456295e+05
2.111862e+05
1.844758e+05
3.359387e+05
2.454265e+05
2.110080e+05
1.848026e+05
3.340485e+05
2.454842e+05
2.107664e+05
1.849301e+05
