0.588123
0.818898
0.248408
0.434077
0.341772
0.221865
0.293956
0.423256
0.247423
0.311284
0.392906
0.576336
0.842718
0.238956
0.416495
0.340074
0.182432
0.280000
0.394299
0.238095
0.366300
0.387571
0.584507
0.822222
0.266811
0.414163
0.317604
0.235669
0.292958
0.438462
0.241135
0.369963
0.398349
0.564202
0.810916
0.257485
0.414634
0.330922
0.230530
0.303116
0.426190
0.272388
0.349673
0.396006
0.613383
0.840000
0.253796
0.429423
0.365108
0.228296
0.276139
0.417453
0.235714
0.287402
0.394671
0.555556
0.840777
0.239035
0.429752
0.381215
0.198653
0.275862
0.392694
0.242105
0.328302
0.388395
0.569316
0.807050
0.233546
0.402516
0.362799
0.200647
0.305233
0.452381
0.238267
0.301075
0.387283
0.597096
0.830508
0.260593
0.397849
0.340000
0.210526
0.289894
0.425056
0.330855
0.299342
0.398172
0.596685
0.869338
0.244944
0.421166
0.285164
0.209375
0.277628
0.394619
0.234694
0.297778
0.383139
0.559925
0.833333
0.273859
0.399132
0.324607
0.196262
0.307692
0.399533
0.259386
0.313492
0.386722
0.722567
0.872211
0.661176
0.648822
0.518000
0.467914
0.715026
0.560641
0.481595
0.433657
0.608161
0.775510
0.910931
0.628505
0.650334
0.488739
0.440506
0.669811
0.541667
0.498498
0.487179
0.609168
0.767821
0.908549
0.652381
0.629371
0.542299
0.406077
0.678161
0.557851
0.487654
0.573883
0.620405
0.690987
0.891667
0.650919
0.635135
0.560086
0.476190
0.650118
0.608519
0.453968
0.507508
0.612510
