0.756158
0.936937
0.279236
0.469298
0.476071
0.171216
0.262899
0.404444
0.177778
0.193705
0.412774
0.770408
0.921444
0.287440
0.450893
0.463659
0.146341
0.231678
0.369710
0.172414
0.233100
0.404709
0.764977
0.936709
0.289412
0.439636
0.443038
0.213256
0.242991
0.409091
0.166667
0.233796
0.413957
0.741688
0.920354
0.311594
0.442080
0.421659
0.189258
0.255981
0.376050
0.190104
0.256595
0.410536
0.767442
0.927152
0.272093
0.493151
0.453125
0.177500
0.268229
0.413551
0.172324
0.179803
0.412437
0.753769
0.921277
0.250000
0.475973
0.481395
0.155263
0.249400
0.423645
0.174684
0.201856
0.408726
0.762376
0.941558
0.277778
0.451765
0.469048
0.169399
0.244755
0.405117
0.152425
0.212121
0.408634
0.781473
0.932347
0.309045
0.443645
0.440415
0.150754
0.280206
0.418502
0.204128
0.212617
0.417313
0.734694
0.937970
0.267157
0.451389
0.409972
0.178191
0.255583
0.405530
0.165865
0.168766
0.397512
0.720482
0.905077
0.302059
0.422018
0.462687
0.172603
0.255125
0.410072
0.191436
0.179954
0.402151
0.859606
0.968468
0.670644
0.664474
0.652393
0.434243
0.678133
0.544444
0.387654
0.324455
0.618452
0.872449
0.955414
0.649758
0.651786
0.543860
0.471545
0.671395
0.579065
0.408867
0.354312
0.615845
0.868664
0.964135
0.644706
0.615034
0.632911
0.423631
0.689252
0.645933
0.387255
0.386574
0.625810
0.823529
0.946903
0.599034
0.666667
0.601382
0.485934
0.657895
0.630252
0.372396
0.405276
0.618927
