Iteración: 0
Vecinos: 5
dimensiones: 17
componentes: 50
particiones: 1
cantidad de imagenes Test: 4200
cantidad de aciertos (Hit Rate): 4022
tiempo: 693.835
-----------------------------------------
Cálculo precision: 
Precisión clase 0: 0.982968
Precisión clase 1: 0.960613
Precisión clase 2: 0.961353
Precisión clase 3: 0.944690
Precisión clase 4: 0.961929
Precisión clase 5: 0.955000
Precisión clase 6: 0.968675
Precisión clase 7: 0.961712
Precisión clase 8: 0.949875
Precisión clase 9: 0.929952
Precisión categorizador: 0.957677
-----------------------------------------
Cálculo recall: 
Recall clase 0: 0.995074
Recall clase 1: 0.988739
Recall clase 2: 0.949881
Recall clase 3: 0.936404
Recall clase 4: 0.954660
Recall clase 5: 0.947891
Recall clase 6: 0.987715
Recall clase 7: 0.948889
Recall clase 8: 0.935802
Recall clase 9: 0.932203
Recall categorizador: 0.957726
F1: 0.957701
-----------------------------------------
-----------------------------------------
Iteración: 1
Vecinos: 5
dimensiones: 17
componentes: 50
particiones: 1
cantidad de imagenes Test: 4200
cantidad de aciertos (Hit Rate): 4037
tiempo: 683.591396
-----------------------------------------
Cálculo precision: 
Precisión clase 0: 0.989637
Precisión clase 1: 0.972803
Precisión clase 2: 0.954869
Precisión clase 3: 0.950000
Precisión clase 4: 0.968750
Precisión clase 5: 0.962060
Precisión clase 6: 0.971897
Precisión clase 7: 0.975225
Precisión clase 8: 0.948529
Precisión clase 9: 0.920993
Precisión categorizador: 0.961476
-----------------------------------------
Cálculo recall: 
Recall clase 0: 0.974490
Recall clase 1: 0.987261
Recall clase 2: 0.971014
Recall clase 3: 0.933036
Recall clase 4: 0.932331
Recall clase 5: 0.962060
Recall clase 6: 0.981087
Recall clase 7: 0.964365
Recall clase 8: 0.953202
Recall clase 9: 0.951049
Recall categorizador: 0.960990
F1: 0.961233
-----------------------------------------
-----------------------------------------
Iteración: 2
Vecinos: 5
dimensiones: 17
componentes: 50
particiones: 1
cantidad de imagenes Test: 4200
cantidad de aciertos (Hit Rate): 4032
tiempo: 669.248471
-----------------------------------------
Cálculo precision: 
Precisión clase 0: 0.970655
Precisión clase 1: 0.979079
Precisión clase 2: 0.975962
Precisión clase 3: 0.951389
Precisión clase 4: 0.952618
Precisión clase 5: 0.959184
Precisión clase 6: 0.963387
Precisión clase 7: 0.957845
Precisión clase 8: 0.966234
Precisión clase 9: 0.922374
Precisión categorizador: 0.959873
-----------------------------------------
Cálculo recall: 
Recall clase 0: 0.990783
Recall clase 1: 0.987342
Recall clase 2: 0.955294
Recall clase 3: 0.936219
Recall clase 4: 0.967089
Recall clase 5: 0.948127
Recall clase 6: 0.983645
Recall clase 7: 0.978469
Recall clase 8: 0.911765
Recall clase 9: 0.935185
Recall categorizador: 0.959392
F1: 0.959632
-----------------------------------------
-----------------------------------------
Iteración: 3
Vecinos: 5
dimensiones: 17
componentes: 50
particiones: 1
cantidad de imagenes Test: 4200
cantidad de aciertos (Hit Rate): 4033
tiempo: 761.501933
-----------------------------------------
Cálculo precision: 
Precisión clase 0: 0.969620
Precisión clase 1: 0.978070
Precisión clase 2: 0.968447
Precisión clase 3: 0.960688
Precisión clase 4: 0.957014
Precisión clase 5: 0.953125
Precisión clase 6: 0.958140
Precisión clase 7: 0.964059
Precisión clase 8: 0.938144
Precisión clase 9: 0.951574
Precisión categorizador: 0.959888
-----------------------------------------
Cálculo recall: 
Recall clase 0: 0.979540
Recall clase 1: 0.986726
Recall clase 2: 0.963768
Recall clase 3: 0.924350
Recall clase 4: 0.974654
Recall clase 5: 0.936061
Recall clase 6: 0.985646
Recall clase 7: 0.957983
Recall clase 8: 0.947917
Recall clase 9: 0.942446
Recall categorizador: 0.959909
F1: 0.959899
-----------------------------------------
-----------------------------------------
Iteración: 4
Vecinos: 5
dimensiones: 17
componentes: 50
particiones: 1
cantidad de imagenes Test: 4200
cantidad de aciertos (Hit Rate): 4021
tiempo: 765.139376
-----------------------------------------
Cálculo precision: 
Precisión clase 0: 0.970387
Precisión clase 1: 0.978118
Precisión clase 2: 0.963048
Precisión clase 3: 0.964789
Precisión clase 4: 0.964045
Precisión clase 5: 0.933168
Precisión clase 6: 0.964103
Precisión clase 7: 0.966746
Precisión clase 8: 0.946237
Precisión clase 9: 0.917676
Precisión categorizador: 0.956832
-----------------------------------------
Cálculo recall: 
Recall clase 0: 0.990698
Recall clase 1: 0.986755
Recall clase 2: 0.969767
Recall clase 3: 0.938356
Recall clase 4: 0.957589
Recall clase 5: 0.942500
Recall clase 6: 0.979167
Recall clase 7: 0.950935
Recall clase 8: 0.919060
Recall clase 9: 0.933498
Recall categorizador: 0.956832
F1: 0.956832
-----------------------------------------
-----------------------------------------
Iteración: 5
Vecinos: 5
dimensiones: 17
componentes: 50
particiones: 1
cantidad de imagenes Test: 4200
cantidad de aciertos (Hit Rate): 4056
tiempo: 763.505209
-----------------------------------------
Cálculo precision: 
Precisión clase 0: 0.970516
Precisión clase 1: 0.983122
Precisión clase 2: 0.970115
Precisión clase 3: 0.957041
Precisión clase 4: 0.970046
Precisión clase 5: 0.955497
Precisión clase 6: 0.976134
Precisión clase 7: 0.965770
Precisión clase 8: 0.959288
Precisión clase 9: 0.946262
Precisión categorizador: 0.965379
-----------------------------------------
Cálculo recall: 
Recall clase 0: 0.992462
Recall clase 1: 0.991489
Recall clase 2: 0.967890
Recall clase 3: 0.917620
Recall clase 4: 0.979070
Recall clase 5: 0.960526
Recall clase 6: 0.980815
Recall clase 7: 0.972906
Recall clase 8: 0.954430
Recall clase 9: 0.939675
Recall categorizador: 0.965689
F1: 0.965534
-----------------------------------------
-----------------------------------------
Iteración: 6
Vecinos: 5
dimensiones: 17
componentes: 50
particiones: 1
cantidad de imagenes Test: 4200
cantidad de aciertos (Hit Rate): 4057
tiempo: 754.469482
-----------------------------------------
Cálculo precision: 
Precisión clase 0: 0.985149
Precisión clase 1: 0.972103
Precisión clase 2: 0.964912
Precisión clase 3: 0.971292
Precisión clase 4: 0.985472
Precisión clase 5: 0.945946
Precisión clase 6: 0.974771
Precisión clase 7: 0.968017
Precisión clase 8: 0.955607
Precisión clase 9: 0.931990
Precisión categorizador: 0.965526
-----------------------------------------
Cálculo recall: 
Recall clase 0: 0.985149
Recall clase 1: 0.980519
Recall clase 2: 0.972222
Recall clase 3: 0.955294
Recall clase 4: 0.969048
Recall clase 5: 0.956284
Recall clase 6: 0.990676
Recall clase 7: 0.968017
Recall clase 8: 0.944573
Recall clase 9: 0.934343
Recall categorizador: 0.965613
F1: 0.965569
-----------------------------------------
-----------------------------------------
Iteración: 7
Vecinos: 5
dimensiones: 17
componentes: 50
particiones: 1
cantidad de imagenes Test: 4200
cantidad de aciertos (Hit Rate): 4076
tiempo: 766.723201
-----------------------------------------
Cálculo precision: 
Precisión clase 0: 0.979021
Precisión clase 1: 0.985263
Precisión clase 2: 0.966837
Precisión clase 3: 0.963235
Precisión clase 4: 0.963918
Precisión clase 5: 0.974937
Precisión clase 6: 0.979644
Precisión clase 7: 0.969095
Precisión clase 8: 0.965831
Precisión clase 9: 0.955189
Precisión categorizador: 0.970297
-----------------------------------------
Cálculo recall: 
Recall clase 0: 0.997625
Recall clase 1: 0.989429
Recall clase 2: 0.952261
Recall clase 3: 0.942446
Recall clase 4: 0.968912
Recall clase 5: 0.977387
Recall clase 6: 0.989717
Recall clase 7: 0.966960
Recall clase 8: 0.972477
Recall clase 9: 0.946262
Recall categorizador: 0.970348
F1: 0.970322
-----------------------------------------
-----------------------------------------
Iteración: 8
Vecinos: 5
dimensiones: 17
componentes: 50
particiones: 1
cantidad de imagenes Test: 4200
cantidad de aciertos (Hit Rate): 4042
tiempo: 768.654968
-----------------------------------------
Cálculo precision: 
Precisión clase 0: 0.981941
Precisión clase 1: 0.972274
Precisión clase 2: 0.961071
Precisión clase 3: 0.959620
Precisión clase 4: 0.938503
Precisión clase 5: 0.954054
Precisión clase 6: 0.968293
Precisión clase 7: 0.965278
Precisión clase 8: 0.963054
Precisión clase 9: 0.951531
Precisión categorizador: 0.961562
-----------------------------------------
Cálculo recall: 
Recall clase 0: 0.986395
Recall clase 1: 0.988722
Recall clase 2: 0.968137
Recall clase 3: 0.935185
Recall clase 4: 0.972299
Recall clase 5: 0.938830
Recall clase 6: 0.985112
Recall clase 7: 0.960829
Recall clase 8: 0.939904
Recall clase 9: 0.939547
Recall categorizador: 0.961496
F1: 0.961529
-----------------------------------------
-----------------------------------------
Iteración: 9
Vecinos: 5
dimensiones: 17
componentes: 50
particiones: 1
cantidad de imagenes Test: 4200
cantidad de aciertos (Hit Rate): 4034
tiempo: 767.605518
-----------------------------------------
Cálculo precision: 
Precisión clase 0: 0.976247
Precisión clase 1: 0.978118
Precisión clase 2: 0.963554
Precisión clase 3: 0.970944
Precisión clase 4: 0.948276
Precisión clase 5: 0.966292
Precisión clase 6: 0.970852
Precisión clase 7: 0.966265
Precisión clase 8: 0.931204
Precisión clase 9: 0.931818
Precisión categorizador: 0.960357
-----------------------------------------
Cálculo recall: 
Recall clase 0: 0.990361
Recall clase 1: 0.986755
Recall clase 2: 0.967963
Recall clase 3: 0.919725
Recall clase 4: 0.957711
Recall clase 5: 0.942466
Recall clase 6: 0.986333
Recall clase 7: 0.961631
Recall clase 8: 0.954660
Recall clase 9: 0.933941
Recall categorizador: 0.960155
F1: 0.960256
-----------------------------------------
-----------------------------------------
Iteración: 0
Vecinos: 5
dimensiones: 27
componentes: 50
particiones: 1
cantidad de imagenes Test: 4200
cantidad de aciertos (Hit Rate): 4053
tiempo: 1906.609297
-----------------------------------------
Cálculo precision: 
Precisión clase 0: 0.987805
Precisión clase 1: 0.967105
Precisión clase 2: 0.973366
Precisión clase 3: 0.957684
Precisión clase 4: 0.971576
Precisión clase 5: 0.962594
Precisión clase 6: 0.971154
Precisión clase 7: 0.966292
Precisión clase 8: 0.960298
Precisión clase 9: 0.933333
Precisión categorizador: 0.965121
-----------------------------------------
Cálculo recall: 
Recall clase 0: 0.997537
Recall clase 1: 0.993243
Recall clase 2: 0.959427
Recall clase 3: 0.942982
Recall clase 4: 0.947103
Recall clase 5: 0.957816
Recall clase 6: 0.992629
Recall clase 7: 0.955556
Recall clase 8: 0.955556
Recall clase 9: 0.949153
Recall categorizador: 0.965100
F1: 0.965110
-----------------------------------------
-----------------------------------------
Iteración: 1
Vecinos: 5
dimensiones: 27
componentes: 50
particiones: 1
cantidad de imagenes Test: 4200
cantidad de aciertos (Hit Rate): 4084
tiempo: 1190.601825
-----------------------------------------
Cálculo precision: 
Precisión clase 0: 0.992268
Precisión clase 1: 0.981211
Precisión clase 2: 0.968974
Precisión clase 3: 0.966518
Precisión clase 4: 0.973890
Precisión clase 5: 0.975543
Precisión clase 6: 0.974178
Precisión clase 7: 0.986517
Precisión clase 8: 0.972705
Precisión clase 9: 0.934240
Precisión categorizador: 0.972604
-----------------------------------------
Cálculo recall: 
Recall clase 0: 0.982143
Recall clase 1: 0.997877
Recall clase 2: 0.980676
Recall clase 3: 0.966518
Recall clase 4: 0.934837
Recall clase 5: 0.972900
Recall clase 6: 0.981087
Recall clase 7: 0.977728
Recall clase 8: 0.965517
Recall clase 9: 0.960373
Recall categorizador: 0.971966
F1: 0.972285
-----------------------------------------
-----------------------------------------
Iteración: 2
Vecinos: 5
dimensiones: 27
componentes: 50
particiones: 1
cantidad de imagenes Test: 4200
cantidad de aciertos (Hit Rate): 4073
tiempo: 1214.676147
-----------------------------------------
Cálculo precision: 
Precisión clase 0: 0.986270
Precisión clase 1: 0.981250
Precisión clase 2: 0.985680
Precisión clase 3: 0.963470
Precisión clase 4: 0.971722
Precisión clase 5: 0.962209
Precisión clase 6: 0.970320
Precisión clase 7: 0.962617
Precisión clase 8: 0.979592
Precisión clase 9: 0.933333
Precisión categorizador: 0.969646
-----------------------------------------
Cálculo recall: 
Recall clase 0: 0.993088
Recall clase 1: 0.993671
Recall clase 2: 0.971765
Recall clase 3: 0.961276
Recall clase 4: 0.956962
Recall clase 5: 0.953890
Recall clase 6: 0.992991
Recall clase 7: 0.985646
Recall clase 8: 0.941176
Recall clase 9: 0.939815
Recall categorizador: 0.969028
F1: 0.969337
-----------------------------------------
-----------------------------------------
Iteración: 3
Vecinos: 5
dimensiones: 27
componentes: 50
particiones: 1
cantidad de imagenes Test: 4200
cantidad de aciertos (Hit Rate): 4058
tiempo: 1196.427631
-----------------------------------------
Cálculo precision: 
Precisión clase 0: 0.982278
Precisión clase 1: 0.982340
Precisión clase 2: 0.975845
Precisión clase 3: 0.963325
Precisión clase 4: 0.974359
Precisión clase 5: 0.958869
Precisión clase 6: 0.969484
Precisión clase 7: 0.968553
Precisión clase 8: 0.958115
Precisión clase 9: 0.927230
Precisión categorizador: 0.966040
-----------------------------------------
Cálculo recall: 
Recall clase 0: 0.992327
Recall clase 1: 0.984513
Recall clase 2: 0.975845
Recall clase 3: 0.931442
Recall clase 4: 0.963134
Recall clase 5: 0.953964
Recall clase 6: 0.988038
Recall clase 7: 0.970588
Recall clase 8: 0.953125
Recall clase 9: 0.947242
Recall categorizador: 0.966022
F1: 0.966031
-----------------------------------------
-----------------------------------------
Iteración: 4
Vecinos: 5
dimensiones: 27
componentes: 50
particiones: 1
cantidad de imagenes Test: 4200
cantidad de aciertos (Hit Rate): 4067
tiempo: 1213.133328
-----------------------------------------
Cálculo precision: 
Precisión clase 0: 0.979358
Precisión clase 1: 0.988938
Precisión clase 2: 0.970046
Precisión clase 3: 0.954023
Precisión clase 4: 0.977427
Precisión clase 5: 0.957711
Precisión clase 6: 0.979275
Precisión clase 7: 0.981176
Precisión clase 8: 0.962264
Precisión clase 9: 0.930288
Precisión categorizador: 0.968051
-----------------------------------------
Cálculo recall: 
Recall clase 0: 0.993023
Recall clase 1: 0.986755
Recall clase 2: 0.979070
Recall clase 3: 0.947489
Recall clase 4: 0.966518
Recall clase 5: 0.962500
Recall clase 6: 0.984375
Recall clase 7: 0.974299
Recall clase 8: 0.932115
Recall clase 9: 0.953202
Recall categorizador: 0.967935
F1: 0.967993
-----------------------------------------
-----------------------------------------
Iteración: 5
Vecinos: 5
dimensiones: 27
componentes: 50
particiones: 1
cantidad de imagenes Test: 4200
cantidad de aciertos (Hit Rate): 4093
tiempo: 1138.643979
-----------------------------------------
Cálculo precision: 
Precisión clase 0: 0.980198
Precisión clase 1: 0.981092
Precisión clase 2: 0.979358
Precisión clase 3: 0.960557
Precisión clase 4: 0.983759
Precisión clase 5: 0.957672
Precisión clase 6: 0.980907
Precisión clase 7: 0.982630
Precisión clase 8: 0.976804
Precisión clase 9: 0.960829
Precisión categorizador: 0.974381
-----------------------------------------
Cálculo recall: 
Recall clase 0: 0.994975
Recall clase 1: 0.993617
Recall clase 2: 0.979358
Recall clase 3: 0.947368
Recall clase 4: 0.986047
Recall clase 5: 0.952632
Recall clase 6: 0.985612
Recall clase 7: 0.975369
Recall clase 8: 0.959494
Recall clase 9: 0.967517
Recall categorizador: 0.974199
F1: 0.974290
-----------------------------------------
-----------------------------------------
Iteración: 6
Vecinos: 5
dimensiones: 27
componentes: 50
particiones: 1
cantidad de imagenes Test: 4200
cantidad de aciertos (Hit Rate): 4080
tiempo: 1221.223510
-----------------------------------------
Cálculo precision: 
Precisión clase 0: 0.982716
Precisión clase 1: 0.976445
Precisión clase 2: 0.977444
Precisión clase 3: 0.971631
Precisión clase 4: 0.980676
Precisión clase 5: 0.956640
Precisión clase 6: 0.974886
Precisión clase 7: 0.980645
Precisión clase 8: 0.973684
Precisión clase 9: 0.935323
Precisión categorizador: 0.971009
-----------------------------------------
Cálculo recall: 
Recall clase 0: 0.985149
Recall clase 1: 0.987013
Recall clase 2: 0.984848
Recall clase 3: 0.967059
Recall clase 4: 0.966667
Recall clase 5: 0.964481
Recall clase 6: 0.995338
Recall clase 7: 0.972281
Recall clase 8: 0.939954
Recall clase 9: 0.949495
Recall categorizador: 0.971228
F1: 0.971119
-----------------------------------------
-----------------------------------------
Iteración: 7
Vecinos: 5
dimensiones: 27
componentes: 50
particiones: 1
cantidad de imagenes Test: 4200
cantidad de aciertos (Hit Rate): 4089
tiempo: 1207.307670
-----------------------------------------
Cálculo precision: 
Precisión clase 0: 0.981265
Precisión clase 1: 0.985263
Precisión clase 2: 0.972081
Precisión clase 3: 0.965937
Precisión clase 4: 0.971649
Precisión clase 5: 0.967662
Precisión clase 6: 0.989744
Precisión clase 7: 0.973392
Precisión clase 8: 0.972414
Precisión clase 9: 0.955504
Precisión categorizador: 0.973491
-----------------------------------------
Cálculo recall: 
Recall clase 0: 0.995249
Recall clase 1: 0.989429
Recall clase 2: 0.962312
Recall clase 3: 0.952038
Recall clase 4: 0.976684
Recall clase 5: 0.977387
Recall clase 6: 0.992288
Recall clase 7: 0.966960
Recall clase 8: 0.970183
Recall clase 9: 0.953271
Recall categorizador: 0.973580
F1: 0.973536
-----------------------------------------
-----------------------------------------
Iteración: 8
Vecinos: 5
dimensiones: 27
componentes: 50
particiones: 1
cantidad de imagenes Test: 4200
cantidad de aciertos (Hit Rate): 4069
tiempo: 1213.998831
-----------------------------------------
Cálculo precision: 
Precisión clase 0: 0.988662
Precisión clase 1: 0.977737
Precisión clase 2: 0.982716
Precisión clase 3: 0.964789
Precisión clase 4: 0.961219
Precisión clase 5: 0.944591
Precisión clase 6: 0.977833
Precisión clase 7: 0.958810
Precisión clase 8: 0.977723
Precisión clase 9: 0.947761
Precisión categorizador: 0.968184
-----------------------------------------
Cálculo recall: 
Recall clase 0: 0.988662
Recall clase 1: 0.990602
Recall clase 2: 0.975490
Recall clase 3: 0.951389
Recall clase 4: 0.961219
Recall clase 5: 0.952128
Recall clase 6: 0.985112
Recall clase 7: 0.965438
Recall clase 8: 0.949519
Recall clase 9: 0.959698
Recall categorizador: 0.967926
F1: 0.968055
-----------------------------------------
-----------------------------------------
Iteración: 9
Vecinos: 5
dimensiones: 27
componentes: 50
particiones: 1
cantidad de imagenes Test: 4200
cantidad de aciertos (Hit Rate): 4063
tiempo: 1216.847305
-----------------------------------------
Cálculo precision: 
Precisión clase 0: 0.973934
Precisión clase 1: 0.971800
Precisión clase 2: 0.976905
Precisión clase 3: 0.981043
Precisión clase 4: 0.967419
Precisión clase 5: 0.963989
Precisión clase 6: 0.975336
Precisión clase 7: 0.957447
Precisión clase 8: 0.959494
Precisión clase 9: 0.945205
Precisión categorizador: 0.967257
-----------------------------------------
Cálculo recall: 
Recall clase 0: 0.990361
Recall clase 1: 0.988962
Recall clase 2: 0.967963
Recall clase 3: 0.949541
Recall clase 4: 0.960199
Recall clase 5: 0.953425
Recall clase 6: 0.990888
Recall clase 7: 0.971223
Recall clase 8: 0.954660
Recall clase 9: 0.943052
Recall categorizador: 0.967028
F1: 0.967142
-----------------------------------------
-----------------------------------------
Iteración: 0
Vecinos: 5
dimensiones: 37
componentes: 50
particiones: 1
cantidad de imagenes Test: 4200
cantidad de aciertos (Hit Rate): 4066
tiempo: 2904.258195
-----------------------------------------
Cálculo precision: 
Precisión clase 0: 0.987775
Precisión clase 1: 0.967105
Precisión clase 2: 0.975787
Precisión clase 3: 0.955752
Precisión clase 4: 0.966921
Precisión clase 5: 0.972362
Precisión clase 6: 0.973494
Precisión clase 7: 0.971047
Precisión clase 8: 0.969849
Precisión clase 9: 0.942446
Precisión categorizador: 0.968254
-----------------------------------------
Cálculo recall: 
Recall clase 0: 0.995074
Recall clase 1: 0.993243
Recall clase 2: 0.961814
Recall clase 3: 0.947368
Recall clase 4: 0.957179
Recall clase 5: 0.960298
Recall clase 6: 0.992629
Recall clase 7: 0.968889
Recall clase 8: 0.953086
Recall clase 9: 0.951574
Recall categorizador: 0.968115
F1: 0.968185
-----------------------------------------
-----------------------------------------
Iteración: 1
Vecinos: 5
dimensiones: 37
componentes: 50
particiones: 1
cantidad de imagenes Test: 4200
cantidad de aciertos (Hit Rate): 4093
tiempo: 1622.577805
-----------------------------------------
Cálculo precision: 
Precisión clase 0: 0.994859
Precisión clase 1: 0.977131
Precisión clase 2: 0.975787
Precisión clase 3: 0.971047
Precisión clase 4: 0.971576
Precisión clase 5: 0.970509
Precisión clase 6: 0.985816
Precisión clase 7: 0.984444
Precisión clase 8: 0.977444
Precisión clase 9: 0.938073
Precisión categorizador: 0.974669
-----------------------------------------
Cálculo recall: 
Recall clase 0: 0.987245
Recall clase 1: 0.997877
Recall clase 2: 0.973430
Recall clase 3: 0.973214
Recall clase 4: 0.942356
Recall clase 5: 0.981030
Recall clase 6: 0.985816
Recall clase 7: 0.986637
Recall clase 8: 0.960591
Recall clase 9: 0.953380
Recall categorizador: 0.974158
F1: 0.974413
-----------------------------------------
-----------------------------------------
Iteración: 2
Vecinos: 5
dimensiones: 37
componentes: 50
particiones: 1
cantidad de imagenes Test: 4200
cantidad de aciertos (Hit Rate): 4078
tiempo: 1654.916771
-----------------------------------------
Cálculo precision: 
Precisión clase 0: 0.984018
Precisión clase 1: 0.979210
Precisión clase 2: 0.988038
Precisión clase 3: 0.970046
Precisión clase 4: 0.974227
Precisión clase 5: 0.968208
Precisión clase 6: 0.974654
Precisión clase 7: 0.960373
Precisión clase 8: 0.972362
Precisión clase 9: 0.937788
Precisión categorizador: 0.970892
-----------------------------------------
Cálculo recall: 
Recall clase 0: 0.993088
Recall clase 1: 0.993671
Recall clase 2: 0.971765
Recall clase 3: 0.958998
Recall clase 4: 0.956962
Recall clase 5: 0.965418
Recall clase 6: 0.988318
Recall clase 7: 0.985646
Recall clase 8: 0.948529
Recall clase 9: 0.942130
Recall categorizador: 0.970452
F1: 0.970672
-----------------------------------------
-----------------------------------------
Iteración: 3
Vecinos: 5
dimensiones: 37
componentes: 50
particiones: 1
cantidad de imagenes Test: 4200
cantidad de aciertos (Hit Rate): 4079
tiempo: 1611.625561
-----------------------------------------
Cálculo precision: 
Precisión clase 0: 0.977387
Precisión clase 1: 0.978118
Precisión clase 2: 0.983010
Precisión clase 3: 0.978155
Precisión clase 4: 0.969767
Precisión clase 5: 0.971722
Precisión clase 6: 0.969626
Precisión clase 7: 0.966387
Precisión clase 8: 0.976064
Precisión clase 9: 0.943128
Precisión categorizador: 0.971336
-----------------------------------------
Cálculo recall: 
Recall clase 0: 0.994885
Recall clase 1: 0.988938
Recall clase 2: 0.978261
Recall clase 3: 0.952719
Recall clase 4: 0.960829
Recall clase 5: 0.966752
Recall clase 6: 0.992823
Recall clase 7: 0.966387
Recall clase 8: 0.955729
Recall clase 9: 0.954436
Recall categorizador: 0.971176
F1: 0.971256
-----------------------------------------
-----------------------------------------
Iteración: 4
Vecinos: 5
dimensiones: 37
componentes: 50
particiones: 1
cantidad de imagenes Test: 4200
cantidad de aciertos (Hit Rate): 4069
tiempo: 1658.516467
-----------------------------------------
Cálculo precision: 
Precisión clase 0: 0.979358
Precisión clase 1: 0.984649
Precisión clase 2: 0.976852
Precisión clase 3: 0.974359
Precisión clase 4: 0.979545
Precisión clase 5: 0.936585
Precisión clase 6: 0.979275
Precisión clase 7: 0.972028
Precisión clase 8: 0.972376
Precisión clase 9: 0.930952
Precisión categorizador: 0.968598
-----------------------------------------
Cálculo recall: 
Recall clase 0: 0.993023
Recall clase 1: 0.991170
Recall clase 2: 0.981395
Recall clase 3: 0.954338
Recall clase 4: 0.962054
Recall clase 5: 0.960000
Recall clase 6: 0.984375
Recall clase 7: 0.974299
Recall clase 8: 0.919060
Recall clase 9: 0.963054
Recall categorizador: 0.968277
F1: 0.968437
-----------------------------------------
-----------------------------------------
Iteración: 5
Vecinos: 5
dimensiones: 37
componentes: 50
particiones: 1
cantidad de imagenes Test: 4200
cantidad de aciertos (Hit Rate): 4093
tiempo: 1658.715262
-----------------------------------------
Cálculo precision: 
Precisión clase 0: 0.977778
Precisión clase 1: 0.983229
Precisión clase 2: 0.981609
Precisión clase 3: 0.960094
Precisión clase 4: 0.986014
Precisión clase 5: 0.957784
Precisión clase 6: 0.976303
Precisión clase 7: 0.975550
Precisión clase 8: 0.976744
Precisión clase 9: 0.967517
Precisión categorizador: 0.974262
-----------------------------------------
Cálculo recall: 
Recall clase 0: 0.994975
Recall clase 1: 0.997872
Recall clase 2: 0.979358
Recall clase 3: 0.935927
Recall clase 4: 0.983721
Recall clase 5: 0.955263
Recall clase 6: 0.988010
Recall clase 7: 0.982759
Recall clase 8: 0.956962
Recall clase 9: 0.967517
Recall categorizador: 0.974236
F1: 0.974249
-----------------------------------------
-----------------------------------------
Iteración: 6
Vecinos: 5
dimensiones: 37
componentes: 50
particiones: 1
cantidad de imagenes Test: 4200
cantidad de aciertos (Hit Rate): 4086
tiempo: 1564.118108
-----------------------------------------
Cálculo precision: 
Precisión clase 0: 0.990025
Precisión clase 1: 0.980728
Precisión clase 2: 0.982278
Precisión clase 3: 0.976415
Precisión clase 4: 0.985437
Precisión clase 5: 0.951872
Precisión clase 6: 0.970455
Precisión clase 7: 0.978678
Precisión clase 8: 0.978261
Precisión clase 9: 0.930693
Precisión categorizador: 0.972484
-----------------------------------------
Cálculo recall: 
Recall clase 0: 0.982673
Recall clase 1: 0.991342
Recall clase 2: 0.979798
Recall clase 3: 0.974118
Recall clase 4: 0.966667
Recall clase 5: 0.972678
Recall clase 6: 0.995338
Recall clase 7: 0.978678
Recall clase 8: 0.935335
Recall clase 9: 0.949495
Recall categorizador: 0.972612
F1: 0.972548
-----------------------------------------
-----------------------------------------
Iteración: 7
Vecinos: 5
dimensiones: 37
componentes: 50
particiones: 1
cantidad de imagenes Test: 4200
cantidad de aciertos (Hit Rate): 4093
tiempo: 1660.521056
-----------------------------------------
Cálculo precision: 
Precisión clase 0: 0.985882
Precisión clase 1: 0.981211
Precisión clase 2: 0.987013
Precisión clase 3: 0.966184
Precisión clase 4: 0.976440
Precisión clase 5: 0.965347
Precisión clase 6: 0.987147
Precisión clase 7: 0.963043
Precisión clase 8: 0.979215
Precisión clase 9: 0.955711
Precisión categorizador: 0.974719
-----------------------------------------
Cálculo recall: 
Recall clase 0: 0.995249
Recall clase 1: 0.993658
Recall clase 2: 0.954774
Recall clase 3: 0.959233
Recall clase 4: 0.966321
Recall clase 5: 0.979899
Recall clase 6: 0.987147
Recall clase 7: 0.975771
Recall clase 8: 0.972477
Recall clase 9: 0.957944
Recall categorizador: 0.974247
F1: 0.974483
-----------------------------------------
-----------------------------------------
Iteración: 8
Vecinos: 5
dimensiones: 37
componentes: 50
particiones: 1
cantidad de imagenes Test: 4200
cantidad de aciertos (Hit Rate): 4085
tiempo: 1660.377413
-----------------------------------------
Cálculo precision: 
Precisión clase 0: 0.984199
Precisión clase 1: 0.981447
Precisión clase 2: 0.977833
Precisión clase 3: 0.976526
Precisión clase 4: 0.961433
Precisión clase 5: 0.962667
Precisión clase 6: 0.975490
Precisión clase 7: 0.969907
Precisión clase 8: 0.977778
Precisión clase 9: 0.952854
Precisión categorizador: 0.972013
-----------------------------------------
Cálculo recall: 
Recall clase 0: 0.988662
Recall clase 1: 0.994361
Recall clase 2: 0.973039
Recall clase 3: 0.962963
Recall clase 4: 0.966759
Recall clase 5: 0.960106
Recall clase 6: 0.987593
Recall clase 7: 0.965438
Recall clase 8: 0.951923
Recall clase 9: 0.967254
Recall categorizador: 0.971810
F1: 0.971912
-----------------------------------------
-----------------------------------------
Iteración: 9
Vecinos: 5
dimensiones: 37
componentes: 50
particiones: 1
cantidad de imagenes Test: 4200
cantidad de aciertos (Hit Rate): 4079
tiempo: 1658.301371
-----------------------------------------
Cálculo precision: 
Precisión clase 0: 0.980952
Precisión clase 1: 0.971922
Precisión clase 2: 0.979118
Precisión clase 3: 0.983452
Precisión clase 4: 0.967742
Precisión clase 5: 0.964088
Precisión clase 6: 0.979775
Precisión clase 7: 0.959620
Precisión clase 8: 0.974359
Precisión clase 9: 0.950226
Precisión categorizador: 0.971126
-----------------------------------------
Cálculo recall: 
Recall clase 0: 0.992771
Recall clase 1: 0.993377
Recall clase 2: 0.965675
Recall clase 3: 0.954128
Recall clase 4: 0.970149
Recall clase 5: 0.956164
Recall clase 6: 0.993166
Recall clase 7: 0.968825
Recall clase 8: 0.957179
Recall clase 9: 0.956720
Recall categorizador: 0.970816
F1: 0.970971
-----------------------------------------
-----------------------------------------
Iteración: 0
Vecinos: 5
dimensiones: 47
componentes: 50
particiones: 1
cantidad de imagenes Test: 4200
cantidad de aciertos (Hit Rate): 4074
tiempo: 3786.691620
-----------------------------------------
Cálculo precision: 
Precisión clase 0: 0.992629
Precisión clase 1: 0.969231
Precisión clase 2: 0.983051
Precisión clase 3: 0.964758
Precisión clase 4: 0.961832
Precisión clase 5: 0.972362
Precisión clase 6: 0.966587
Precisión clase 7: 0.966592
Precisión clase 8: 0.974747
Precisión clase 9: 0.949519
Precisión categorizador: 0.970131
-----------------------------------------
Cálculo recall: 
Recall clase 0: 0.995074
Recall clase 1: 0.993243
Recall clase 2: 0.968974
Recall clase 3: 0.960526
Recall clase 4: 0.952141
Recall clase 5: 0.960298
Recall clase 6: 0.995086
Recall clase 7: 0.964444
Recall clase 8: 0.953086
Recall clase 9: 0.956416
Recall categorizador: 0.969929
F1: 0.970030
-----------------------------------------
-----------------------------------------
Iteración: 1
Vecinos: 5
dimensiones: 47
componentes: 50
particiones: 1
cantidad de imagenes Test: 4200
cantidad de aciertos (Hit Rate): 4106
tiempo: 2020.444148
-----------------------------------------
Cálculo precision: 
Precisión clase 0: 0.992308
Precisión clase 1: 0.973085
Precisión clase 2: 0.975845
Precisión clase 3: 0.977629
Precisión clase 4: 0.979381
Precisión clase 5: 0.975741
Precisión clase 6: 0.985849
Precisión clase 7: 0.986637
Precisión clase 8: 0.984962
Precisión clase 9: 0.947126
Precisión categorizador: 0.977856
-----------------------------------------
Cálculo recall: 
Recall clase 0: 0.987245
Recall clase 1: 0.997877
Recall clase 2: 0.975845
Recall clase 3: 0.975446
Recall clase 4: 0.952381
Recall clase 5: 0.981030
Recall clase 6: 0.988180
Recall clase 7: 0.986637
Recall clase 8: 0.967980
Recall clase 9: 0.960373
Recall categorizador: 0.977299
F1: 0.977578
-----------------------------------------
-----------------------------------------
Iteración: 2
Vecinos: 5
dimensiones: 47
componentes: 50
particiones: 1
cantidad de imagenes Test: 4200
cantidad de aciertos (Hit Rate): 4077
tiempo: 2093.246905
-----------------------------------------
Cálculo precision: 
Precisión clase 0: 0.983982
Precisión clase 1: 0.973196
Precisión clase 2: 0.988010
Precisión clase 3: 0.967890
Precisión clase 4: 0.979381
Precisión clase 5: 0.959654
Precisión clase 6: 0.967890
Precisión clase 7: 0.964871
Precisión clase 8: 0.977099
Precisión clase 9: 0.944700
Precisión categorizador: 0.970667
-----------------------------------------
Cálculo recall: 
Recall clase 0: 0.990783
Recall clase 1: 0.995781
Recall clase 2: 0.969412
Recall clase 3: 0.961276
Recall clase 4: 0.962025
Recall clase 5: 0.959654
Recall clase 6: 0.985981
Recall clase 7: 0.985646
Recall clase 8: 0.941176
Recall clase 9: 0.949074
Recall categorizador: 0.970081
F1: 0.970374
-----------------------------------------
-----------------------------------------
Iteración: 3
Vecinos: 5
dimensiones: 47
componentes: 50
particiones: 1
cantidad de imagenes Test: 4200
cantidad de aciertos (Hit Rate): 4092
tiempo: 2099.918307
-----------------------------------------
Cálculo precision: 
Precisión clase 0: 0.979849
Precisión clase 1: 0.978166
Precisión clase 2: 0.980723
Precisión clase 3: 0.975728
Precisión clase 4: 0.988208
Precisión clase 5: 0.979328
Precisión clase 6: 0.969626
Precisión clase 7: 0.966457
Precisión clase 8: 0.978723
Precisión clase 9: 0.948357
Precisión categorizador: 0.974516
-----------------------------------------
Cálculo recall: 
Recall clase 0: 0.994885
Recall clase 1: 0.991150
Recall clase 2: 0.983092
Recall clase 3: 0.950355
Recall clase 4: 0.965438
Recall clase 5: 0.969309
Recall clase 6: 0.992823
Recall clase 7: 0.968487
Recall clase 8: 0.958333
Recall clase 9: 0.968825
Recall categorizador: 0.974270
F1: 0.974393
-----------------------------------------
-----------------------------------------
Iteración: 4
Vecinos: 5
dimensiones: 47
componentes: 50
particiones: 1
cantidad de imagenes Test: 4200
cantidad de aciertos (Hit Rate): 4072
tiempo: 2092.975664
-----------------------------------------
Cálculo precision: 
Precisión clase 0: 0.977117
Precisión clase 1: 0.980349
Precisión clase 2: 0.979070
Precisión clase 3: 0.967667
Precisión clase 4: 0.981859
Precisión clase 5: 0.937046
Precisión clase 6: 0.989501
Precisión clase 7: 0.972093
Precisión clase 8: 0.975069
Precisión clase 9: 0.935096
Precisión categorizador: 0.969487
-----------------------------------------
Cálculo recall: 
Recall clase 0: 0.993023
Recall clase 1: 0.991170
Recall clase 2: 0.979070
Recall clase 3: 0.956621
Recall clase 4: 0.966518
Recall clase 5: 0.967500
Recall clase 6: 0.981771
Recall clase 7: 0.976636
Recall clase 8: 0.919060
Recall clase 9: 0.958128
Recall categorizador: 0.968950
F1: 0.969218
-----------------------------------------
-----------------------------------------
Iteración: 5
Vecinos: 5
dimensiones: 47
componentes: 50
particiones: 1
cantidad de imagenes Test: 4200
cantidad de aciertos (Hit Rate): 4097
tiempo: 2099.239038
-----------------------------------------
Cálculo precision: 
Precisión clase 0: 0.980198
Precisión clase 1: 0.979079
Precisión clase 2: 0.981609
Precisión clase 3: 0.962529
Precisión clase 4: 0.986111
Precisión clase 5: 0.955614
Precisión clase 6: 0.978622
Precisión clase 7: 0.980296
Precisión clase 8: 0.981627
Precisión clase 9: 0.967667
Precisión categorizador: 0.975335
-----------------------------------------
Cálculo recall: 
Recall clase 0: 0.994975
Recall clase 1: 0.995745
Recall clase 2: 0.979358
Recall clase 3: 0.940503
Recall clase 4: 0.990698
Recall clase 5: 0.963158
Recall clase 6: 0.988010
Recall clase 7: 0.980296
Recall clase 8: 0.946835
Recall clase 9: 0.972158
Recall categorizador: 0.975173
F1: 0.975254
-----------------------------------------
-----------------------------------------
Iteración: 6
Vecinos: 5
dimensiones: 47
componentes: 50
particiones: 1
cantidad de imagenes Test: 4200
cantidad de aciertos (Hit Rate): 4094
tiempo: 2089.474496
-----------------------------------------
Cálculo precision: 
Precisión clase 0: 0.990025
Precisión clase 1: 0.978587
Precisión clase 2: 0.977273
Precisión clase 3: 0.976415
Precisión clase 4: 0.985542
Precisión clase 5: 0.970027
Precisión clase 6: 0.970522
Precisión clase 7: 0.976596
Precisión clase 8: 0.978365
Precisión clase 9: 0.942928
Precisión categorizador: 0.974628
-----------------------------------------
Cálculo recall: 
Recall clase 0: 0.982673
Recall clase 1: 0.989177
Recall clase 2: 0.977273
Recall clase 3: 0.974118
Recall clase 4: 0.973810
Recall clase 5: 0.972678
Recall clase 6: 0.997669
Recall clase 7: 0.978678
Recall clase 8: 0.939954
Recall clase 9: 0.959596
Recall categorizador: 0.974563
F1: 0.974595
-----------------------------------------
-----------------------------------------
Iteración: 7
Vecinos: 5
dimensiones: 47
componentes: 50
particiones: 1
cantidad de imagenes Test: 4200
cantidad de aciertos (Hit Rate): 4105
tiempo: 2099.266011
-----------------------------------------
Cálculo precision: 
Precisión clase 0: 0.983607
Precisión clase 1: 0.983264
Precisión clase 2: 0.976982
Precisión clase 3: 0.975845
Precisión clase 4: 0.974293
Precisión clase 5: 0.975062
Precisión clase 6: 0.989717
Precisión clase 7: 0.960870
Precisión clase 8: 0.988372
Precisión clase 9: 0.966746
Precisión categorizador: 0.977476
-----------------------------------------
Cálculo recall: 
Recall clase 0: 0.997625
Recall clase 1: 0.993658
Recall clase 2: 0.959799
Recall clase 3: 0.968825
Recall clase 4: 0.981865
Recall clase 5: 0.982412
Recall clase 6: 0.989717
Recall clase 7: 0.973568
Recall clase 8: 0.974771
Recall clase 9: 0.950935
Recall categorizador: 0.977317
F1: 0.977397
-----------------------------------------
-----------------------------------------
Iteración: 8
Vecinos: 5
dimensiones: 47
componentes: 50
particiones: 1
cantidad de imagenes Test: 4200
cantidad de aciertos (Hit Rate): 4091
tiempo: 2093.913658
-----------------------------------------
Cálculo precision: 
Precisión clase 0: 0.986425
Precisión clase 1: 0.976015
Precisión clase 2: 0.982673
Precisión clase 3: 0.976690
Precisión clase 4: 0.969444
Precisión clase 5: 0.970745
Precisión clase 6: 0.970732
Precisión clase 7: 0.965438
Precisión clase 8: 0.980100
Precisión clase 9: 0.960100
Precisión categorizador: 0.973836
-----------------------------------------
Cálculo recall: 
Recall clase 0: 0.988662
Recall clase 1: 0.994361
Recall clase 2: 0.973039
Recall clase 3: 0.969907
Recall clase 4: 0.966759
Recall clase 5: 0.970745
Recall clase 6: 0.987593
Recall clase 7: 0.965438
Recall clase 8: 0.947115
Recall clase 9: 0.969773
Recall categorizador: 0.973339
F1: 0.973588
-----------------------------------------
-----------------------------------------
Iteración: 9
Vecinos: 5
dimensiones: 47
componentes: 50
particiones: 1
cantidad de imagenes Test: 4200
cantidad de aciertos (Hit Rate): 4082
tiempo: 2102.112587
-----------------------------------------
Cálculo precision: 
Precisión clase 0: 0.985646
Precisión clase 1: 0.971861
Precisión clase 2: 0.972286
Precisión clase 3: 0.981221
Precisión clase 4: 0.967742
Precisión clase 5: 0.966942
Precisión clase 6: 0.979775
Precisión clase 7: 0.954976
Precisión clase 8: 0.982097
Precisión clase 9: 0.956522
Precisión categorizador: 0.971907
-----------------------------------------
Cálculo recall: 
Recall clase 0: 0.992771
Recall clase 1: 0.991170
Recall clase 2: 0.963387
Recall clase 3: 0.958716
Recall clase 4: 0.970149
Recall clase 5: 0.961644
Recall clase 6: 0.993166
Recall clase 7: 0.966427
Recall clase 8: 0.967254
Recall clase 9: 0.952164
Recall categorizador: 0.971685
F1: 0.971796
-----------------------------------------
-----------------------------------------
Iteración: 0
Vecinos: 5
dimensiones: 57
componentes: 50
particiones: 1
cantidad de imagenes Test: 4200
cantidad de aciertos (Hit Rate): 4079
tiempo: 4670.164572
-----------------------------------------
Cálculo precision: 
Precisión clase 0: 0.987775
Precisión clase 1: 0.967177
Precisión clase 2: 0.978208
Precisión clase 3: 0.968958
Precisión clase 4: 0.971867
Precisión clase 5: 0.969849
Precisión clase 6: 0.968825
Precisión clase 7: 0.977528
Precisión clase 8: 0.977387
Precisión clase 9: 0.945368
Precisión categorizador: 0.971294
-----------------------------------------
Cálculo recall: 
Recall clase 0: 0.995074
Recall clase 1: 0.995495
Recall clase 2: 0.964200
Recall clase 3: 0.958333
Recall clase 4: 0.957179
Recall clase 5: 0.957816
Recall clase 6: 0.992629
Recall clase 7: 0.966667
Recall clase 8: 0.960494
Recall clase 9: 0.963680
Recall categorizador: 0.971157
F1: 0.971226
-----------------------------------------
-----------------------------------------
Iteración: 1
Vecinos: 5
dimensiones: 57
componentes: 50
particiones: 1
cantidad de imagenes Test: 4200
cantidad de aciertos (Hit Rate): 4096
tiempo: 2579.409597
-----------------------------------------
Cálculo precision: 
Precisión clase 0: 0.989744
Precisión clase 1: 0.969072
Precisión clase 2: 0.975904
Precisión clase 3: 0.964602
Precisión clase 4: 0.976864
Precisión clase 5: 0.986264
Precisión clase 6: 0.983529
Precisión clase 7: 0.982183
Precisión clase 8: 0.984848
Precisión clase 9: 0.944828
Precisión categorizador: 0.975784
-----------------------------------------
Cálculo recall: 
Recall clase 0: 0.984694
Recall clase 1: 0.997877
Recall clase 2: 0.978261
Recall clase 3: 0.973214
Recall clase 4: 0.952381
Recall clase 5: 0.972900
Recall clase 6: 0.988180
Recall clase 7: 0.982183
Recall clase 8: 0.960591
Recall clase 9: 0.958042
Recall categorizador: 0.974832
F1: 0.975308
-----------------------------------------
-----------------------------------------
Iteración: 2
Vecinos: 5
dimensiones: 57
componentes: 50
particiones: 1
cantidad de imagenes Test: 4200
cantidad de aciertos (Hit Rate): 4087
tiempo: 2598.635690
-----------------------------------------
Cálculo precision: 
Precisión clase 0: 0.984018
Precisión clase 1: 0.975155
Precisión clase 2: 0.990431
Precisión clase 3: 0.965831
Precisión clase 4: 0.977041
Precisión clase 5: 0.956772
Precisión clase 6: 0.976905
Precisión clase 7: 0.964871
Precisión clase 8: 0.977273
Precisión clase 9: 0.960187
Precisión categorizador: 0.972849
-----------------------------------------
Cálculo recall: 
Recall clase 0: 0.993088
Recall clase 1: 0.993671
Recall clase 2: 0.974118
Recall clase 3: 0.965831
Recall clase 4: 0.969620
Recall clase 5: 0.956772
Recall clase 6: 0.988318
Recall clase 7: 0.985646
Recall clase 8: 0.948529
Recall clase 9: 0.949074
Recall categorizador: 0.972467
F1: 0.972658
-----------------------------------------
-----------------------------------------
Iteración: 3
Vecinos: 5
dimensiones: 57
componentes: 50
particiones: 1
cantidad de imagenes Test: 4200
cantidad de aciertos (Hit Rate): 4092
tiempo: 2234.818995
-----------------------------------------
Cálculo precision: 
Precisión clase 0: 0.979798
Precisión clase 1: 0.976035
Precisión clase 2: 0.982927
Precisión clase 3: 0.978313
Precisión clase 4: 0.983607
Precisión clase 5: 0.987013
Precisión clase 6: 0.969626
Precisión clase 7: 0.964361
Precisión clase 8: 0.981333
Precisión clase 9: 0.943925
Precisión categorizador: 0.974694
-----------------------------------------
Cálculo recall: 
Recall clase 0: 0.992327
Recall clase 1: 0.991150
Recall clase 2: 0.973430
Recall clase 3: 0.959811
Recall clase 4: 0.967742
Recall clase 5: 0.971867
Recall clase 6: 0.992823
Recall clase 7: 0.966387
Recall clase 8: 0.958333
Recall clase 9: 0.968825
Recall categorizador: 0.974270
F1: 0.974482
-----------------------------------------
-----------------------------------------
Iteración: 4
Vecinos: 5
dimensiones: 57
componentes: 50
particiones: 1
cantidad de imagenes Test: 4200
cantidad de aciertos (Hit Rate): 4076
tiempo: 2566.720281
-----------------------------------------
Cálculo precision: 
Precisión clase 0: 0.977117
Precisión clase 1: 0.980349
Precisión clase 2: 0.976744
Precisión clase 3: 0.970115
Precisión clase 4: 0.975336
Precisión clase 5: 0.948148
Precisión clase 6: 0.986945
Precisión clase 7: 0.967593
Precisión clase 8: 0.980556
Precisión clase 9: 0.942029
Precisión categorizador: 0.970493
-----------------------------------------
Cálculo recall: 
Recall clase 0: 0.993023
Recall clase 1: 0.991170
Recall clase 2: 0.976744
Recall clase 3: 0.963470
Recall clase 4: 0.970982
Recall clase 5: 0.960000
Recall clase 6: 0.984375
Recall clase 7: 0.976636
Recall clase 8: 0.921671
Recall clase 9: 0.960591
Recall categorizador: 0.969866
F1: 0.970180
-----------------------------------------
-----------------------------------------
