0.266155
0.258179
0.411402
0.615031
0.702898
0.813481
0.857967
0.879126
0.903523
0.925231
0.926172
0.933595
0.940623
0.949571
0.951970
0.955604
0.953230
0.960706
0.959632
0.957701
0.961233
0.959632
0.959899
0.956832
0.965534
0.965569
0.970322
0.961529
0.960256
0.965110
0.972285
0.969337
0.966031
0.967993
0.974290
0.971119
0.973536
0.968055
0.967142
0.968185
0.974413
0.970672
0.971256
0.968437
0.970180
0.972548
0.974483
0.971912
0.970971
0.970030
0.977578
0.970374
0.974393
0.969218
0.975254
0.974595
0.977397
0.973588
0.971796
0.971226
0.975308
0.972658
0.974482
