0.574007
0.162791
0.206633
0.128378
0.130769
0.691892
0.261408
0.117647
0.135889
0.144809
0.140203
0.565217
0.172285
0.481308
0.212308
0.404977
0.840237
0.402909
0.250000
0.260388
0.348921
0.252119
0.686160
0.335878
0.407925
0.438953
0.649237
0.913655
0.611802
0.436950
0.654229
0.611973
0.503513
0.767152
0.492669
0.664414
0.385042
0.689342
0.937630
0.711142
0.632432
0.718670
0.685969
0.641646
0.866051
0.552846
0.792148
0.611111
0.712121
0.915074
0.804946
0.700240
0.907801
0.727074
0.848485
0.906404
0.719577
0.916484
0.748166
0.726343
0.906780
0.798111
0.832487
0.927536
0.727483
0.878641
0.910284
0.721519
0.927361
0.782609
0.837093
0.959032
0.856766
0.818640
0.920000
0.845758
0.893617
0.917874
0.761682
0.950617
0.801008
0.876543
0.966942
0.880497
0.875931
0.925170
0.874384
0.874429
0.912664
0.853333
0.946467
0.881313
0.878641
0.953191
0.899843
0.884793
0.941320
0.899244
0.934466
0.954430
0.863436
0.932401
0.909814
0.912037
0.970711
0.924049
0.895592
0.949367
0.887097
0.918552
0.934272
0.897059
0.976798
0.904624
0.909524
0.973799
0.933517
0.891139
0.947964
0.913706
0.944310
0.933941
0.903670
0.939462
0.927778
0.927907
0.967391
0.938146
0.923913
0.952719
0.940191
0.948052
0.966443
0.917500
0.963415
0.916667
0.931034
0.979123
0.947582
0.924479
0.947236
0.932584
0.969849
0.972093
0.920188
0.955916
0.933333
0.944828
0.974895
0.949048
0.950777
0.957746
0.948198
0.968037
0.968215
0.920918
0.964523
0.909326
0.939614
0.962637
0.950494
0.950739
0.956522
0.958525
0.958430
0.972705
0.932715
0.963597
0.952261
0.942446
0.973799
0.950098
0.944304
0.958140
0.959698
0.968215
0.970252
0.919903
0.972906
0.932976
0.946731
0.973929
0.957018
0.927861
0.966507
0.968338
0.978365
0.969543
0.937650
0.971496
0.945596
0.961995
0.985263
0.966914
0.965261
0.960089
0.961929
0.954869
0.970655
0.922374
0.964059
0.933168
0.957041
0.972103
0.965526
0.965831
0.968293
0.948276
0.954762
0.982968
0.960613
0.961353
0.944690
0.961929
0.955000
0.968675
0.961712
0.949875
0.929952
0.957677
0.989637
0.972803
0.954869
0.950000
0.968750
0.962060
0.971897
0.975225
0.948529
0.920993
0.961476
0.970655
0.979079
0.975962
0.951389
0.952618
0.959184
0.963387
0.957845
0.966234
0.922374
0.959873
0.969620
0.978070
0.968447
0.960688
0.957014
0.953125
0.958140
0.964059
0.938144
0.951574
0.959888
0.970387
0.978118
0.963048
0.964789
0.964045
0.933168
0.964103
0.966746
0.946237
0.917676
0.956832
0.970516
0.983122
0.970115
0.957041
0.970046
0.955497
0.976134
0.965770
0.959288
0.946262
0.965379
0.985149
0.972103
0.964912
0.971292
0.985472
0.945946
0.974771
0.968017
0.955607
0.931990
0.965526
0.979021
0.985263
0.966837
0.963235
0.963918
0.974937
0.979644
0.969095
0.965831
0.955189
0.970297
0.981941
0.972274
0.961071
0.959620
0.938503
0.954054
0.968293
0.965278
0.963054
0.951531
0.961562
0.976247
0.978118
0.963554
0.970944
0.948276
0.966292
0.970852
0.966265
0.931204
0.931818
0.960357
0.987805
0.967105
0.973366
0.957684
0.971576
0.962594
0.971154
0.966292
0.960298
0.933333
0.965121
0.992268
0.981211
0.968974
0.966518
0.973890
0.975543
0.974178
0.986517
0.972705
0.934240
0.972604
0.986270
0.981250
0.985680
0.963470
0.971722
0.962209
0.970320
0.962617
0.979592
0.933333
0.969646
0.982278
0.982340
0.975845
0.963325
0.974359
0.958869
0.969484
0.968553
0.958115
0.927230
0.966040
0.979358
0.988938
0.970046
0.954023
0.977427
0.957711
0.979275
0.981176
0.962264
0.930288
0.968051
0.980198
0.981092
0.979358
0.960557
0.983759
0.957672
0.980907
0.982630
0.976804
0.960829
0.974381
0.982716
0.976445
0.977444
0.971631
0.980676
0.956640
0.974886
0.980645
0.973684
0.935323
0.971009
0.981265
0.985263
0.972081
0.965937
0.971649
0.967662
0.989744
0.973392
0.972414
0.955504
0.973491
0.988662
0.977737
0.982716
0.964789
0.961219
0.944591
0.977833
0.958810
0.977723
0.947761
0.968184
0.973934
0.971800
0.976905
0.981043
0.967419
0.963989
0.975336
0.957447
0.959494
0.945205
0.967257
0.987775
0.967105
0.975787
0.955752
0.966921
0.972362
0.973494
0.971047
0.969849
0.942446
0.968254
0.994859
0.977131
0.975787
0.971047
0.971576
0.970509
0.985816
0.984444
0.977444
0.938073
0.974669
0.984018
0.979210
0.988038
0.970046
0.974227
0.968208
0.974654
0.960373
0.972362
0.937788
0.970892
0.977387
0.978118
0.983010
0.978155
0.969767
0.971722
0.969626
0.966387
0.976064
0.943128
0.971336
0.979358
0.984649
0.976852
0.974359
0.979545
0.936585
0.979275
0.972028
0.972376
0.930952
0.968598
0.977117
0.980349
0.976744
0.970115
0.975336
0.948148
0.986945
0.967593
0.980556
0.942029
0.970493
0.990025
0.980728
0.982278
0.976415
0.985437
0.951872
0.970455
0.978678
0.978261
0.930693
0.972484
0.985882
0.981211
0.987013
0.966184
0.976440
0.965347
0.987147
0.963043
0.979215
0.955711
0.974719
0.984199
0.981447
0.977833
0.976526
0.961433
0.962667
0.975490
0.969907
0.977778
0.952854
0.972013
0.980952
0.971922
0.979118
0.983452
0.967742
0.964088
0.979775
0.959620
0.974359
0.950226
0.971126
0.992629
0.969231
0.983051
0.964758
0.961832
0.972362
0.966587
0.966592
0.974747
0.949519
0.970131
0.992308
0.973085
0.975845
0.977629
0.979381
0.975741
0.985849
0.986637
0.984962
0.947126
0.977856
0.983982
0.973196
0.988010
0.967890
0.979381
0.959654
0.967890
0.964871
0.977099
0.944700
0.970667
0.979849
0.978166
0.980723
0.975728
0.988208
0.979328
0.969626
0.966457
0.978723
0.948357
0.974516
0.977117
0.980349
0.979070
0.967667
0.981859
0.937046
0.989501
0.972093
0.975069
0.935096
0.969487
0.980198
0.979079
0.981609
0.962529
0.986111
0.955614
0.978622
0.980296
0.981627
0.967667
0.975335
0.990025
0.978587
0.977273
0.976415
0.985542
0.970027
0.970522
0.976596
0.978365
0.942928
0.974628
0.983607
0.983264
0.976982
0.975845
0.974293
0.975062
0.989717
0.960870
0.988372
0.966746
0.977476
0.986425
0.976015
0.982673
0.976690
0.969444
0.970745
0.970732
0.965438
0.980100
0.960100
0.973836
0.985646
0.971861
0.972286
0.981221
0.967742
0.966942
0.979775
0.954976
0.982097
0.956522
0.971907
0.987775
0.967177
0.978208
0.968958
0.971867
0.969849
0.968825
0.977528
0.977387
0.945368
0.971294
0.989744
0.969072
0.975904
0.964602
0.976864
0.986264
0.983529
0.982183
0.984848
0.944828
0.975784
0.984018
0.975155
0.990431
0.965831
0.977041
0.956772
0.976905
0.964871
0.977273
0.960187
0.972849
0.979798
0.976035
0.982927
0.978313
0.983607
0.987013
0.969626
0.964361
0.981333
0.943925
0.974694
