0.118644
0.180401
0.109510
0.160757
0.847682
0.284108
0.086076
0.090909
0.137306
0.203431
0.751807
0.104784
0.457778
0.186992
0.407745
0.942478
0.420223
0.182768
0.225420
0.461905
0.298995
0.798186
0.221662
0.419664
0.374690
0.665179
0.959916
0.619281
0.388021
0.684896
0.641860
0.542929
0.876485
0.392523
0.679724
0.380822
0.666667
0.957537
0.712156
0.573529
0.672249
0.687500
0.607798
0.928218
0.515152
0.755507
0.555851
0.646789
0.970721
0.807611
0.719212
0.897196
0.767281
0.846512
0.924623
0.631090
0.889126
0.768844
0.657407
0.944812
0.799529
0.809877
0.907801
0.797468
0.874396
0.967442
0.701970
0.943350
0.786885
0.800959
0.968045
0.857115
0.818640
0.960688
0.824561
0.889412
0.971867
0.781775
0.899533
0.836842
0.835294
0.989429
0.881496
0.848558
0.929385
0.894207
0.925121
0.963134
0.888889
0.928571
0.872500
0.828375
0.969697
0.900370
0.880734
0.955335
0.888060
0.918854
0.961735
0.913753
0.956938
0.877238
0.899543
0.987234
0.924204
0.891455
0.964010
0.914127
0.929062
0.980296
0.886199
0.937639
0.902017
0.903073
0.984547
0.933297
0.891139
0.976690
0.932642
0.955882
0.987952
0.897494
0.931111
0.905149
0.908884
0.984513
0.937957
0.887728
0.966427
0.935714
0.917085
0.979592
0.924433
0.947242
0.928040
0.904018
0.989451
0.947252
0.924479
0.981771
0.965116
0.974747
0.992874
0.915888
0.949309
0.920548
0.901316
0.989384
0.948898
0.899510
0.976077
0.939732
0.972477
0.980198
0.911616
0.958150
0.933511
0.892202
0.986486
0.950853
0.950739
0.976636
0.958525
0.965116
0.984925
0.932715
0.959488
0.952261
0.909722
0.984547
0.950056
0.920988
0.973995
0.964557
0.956522
0.986047
0.933498
0.972906
0.950820
0.937650
0.983083
0.957249
0.939547
0.992629
0.919799
0.957647
0.976982
0.937650
0.955607
0.960526
0.952941
0.989429
0.966968
0.935096
0.986333
0.954660
0.971014
0.990783
0.935185
0.957983
0.942500
0.917620
0.980519
0.965613
0.972477
0.985112
0.957711
0.957041
0.995074
0.988739
0.949881
0.936404
0.954660
0.947891
0.987715
0.948889
0.935802
0.932203
0.957726
0.974490
0.987261
0.971014
0.933036
0.932331
0.962060
0.981087
0.964365
0.953202
0.951049
0.960990
0.990783
0.987342
0.955294
0.936219
0.967089
0.948127
0.983645
0.978469
0.911765
0.935185
0.959392
0.979540
0.986726
0.963768
0.924350
0.974654
0.936061
0.985646
0.957983
0.947917
0.942446
0.959909
0.990698
0.986755
0.969767
0.938356
0.957589
0.942500
0.979167
0.950935
0.919060
0.933498
0.956832
0.992462
0.991489
0.967890
0.917620
0.979070
0.960526
0.980815
0.972906
0.954430
0.939675
0.965689
0.985149
0.980519
0.972222
0.955294
0.969048
0.956284
0.990676
0.968017
0.944573
0.934343
0.965613
0.997625
0.989429
0.952261
0.942446
0.968912
0.977387
0.989717
0.966960
0.972477
0.946262
0.970348
0.986395
0.988722
0.968137
0.935185
0.972299
0.938830
0.985112
0.960829
0.939904
0.939547
0.961496
0.990361
0.986755
0.967963
0.919725
0.957711
0.942466
0.986333
0.961631
0.954660
0.933941
0.960155
0.997537
0.993243
0.959427
0.942982
0.947103
0.957816
0.992629
0.955556
0.955556
0.949153
0.965100
0.982143
0.997877
0.980676
0.966518
0.934837
0.972900
0.981087
0.977728
0.965517
0.960373
0.971966
0.993088
0.993671
0.971765
0.961276
0.956962
0.953890
0.992991
0.985646
0.941176
0.939815
0.969028
0.992327
0.984513
0.975845
0.931442
0.963134
0.953964
0.988038
0.970588
0.953125
0.947242
0.966022
0.993023
0.986755
0.979070
0.947489
0.966518
0.962500
0.984375
0.974299
0.932115
0.953202
0.967935
0.994975
0.993617
0.979358
0.947368
0.986047
0.952632
0.985612
0.975369
0.959494
0.967517
0.974199
0.985149
0.987013
0.984848
0.967059
0.966667
0.964481
0.995338
0.972281
0.939954
0.949495
0.971228
0.995249
0.989429
0.962312
0.952038
0.976684
0.977387
0.992288
0.966960
0.970183
0.953271
0.973580
0.988662
0.990602
0.975490
0.951389
0.961219
0.952128
0.985112
0.965438
0.949519
0.959698
0.967926
0.990361
0.988962
0.967963
0.949541
0.960199
0.953425
0.990888
0.971223
0.954660
0.943052
0.967028
0.995074
0.993243
0.961814
0.947368
0.957179
0.960298
0.992629
0.968889
0.953086
0.951574
0.968115
0.987245
0.997877
0.973430
0.973214
0.942356
0.981030
0.985816
0.986637
0.960591
0.953380
0.974158
0.993088
0.993671
0.971765
0.958998
0.956962
0.965418
0.988318
0.985646
0.948529
0.942130
0.970452
0.994885
0.988938
0.978261
0.952719
0.960829
0.966752
0.992823
0.966387
0.955729
0.954436
0.971176
0.993023
0.991170
0.981395
0.954338
0.962054
0.960000
0.984375
0.974299
0.919060
0.963054
0.968277
0.994975
0.993023
0.991170
0.976744
0.963470
0.970982
0.960000
0.984375
0.976636
0.921671
0.960591
0.969866
0.991342
0.979798
0.974118
0.966667
0.972678
0.995338
0.978678
0.935335
0.949495
0.972612
0.995249
0.993658
0.954774
0.959233
0.966321
0.979899
0.987147
0.975771
0.972477
0.957944
0.974247
0.988662
0.994361
0.973039
0.962963
0.966759
0.960106
0.987593
0.965438
0.951923
0.967254
0.971810
0.992771
0.993377
0.965675
0.954128
0.970149
0.956164
0.993166
0.968825
0.957179
0.956720
0.970816
0.995074
0.993243
0.968974
0.960526
0.952141
0.960298
0.995086
0.964444
0.953086
0.956416
0.969929
0.987245
0.997877
0.975845
0.975446
0.952381
0.981030
0.988180
0.986637
0.967980
0.960373
0.977299
0.990783
0.995781
0.969412
0.961276
0.962025
0.959654
0.985981
0.985646
0.941176
0.949074
0.970081
0.994885
0.991150
0.983092
0.950355
0.965438
0.969309
0.992823
0.968487
0.958333
0.968825
0.974270
0.993023
0.991170
0.979070
0.956621
0.966518
0.967500
0.981771
0.976636
0.919060
0.958128
0.968950
0.994975
0.995745
0.979358
0.940503
0.990698
0.963158
0.988010
0.980296
0.946835
0.972158
0.975173
0.982673
0.989177
0.977273
0.974118
0.973810
0.972678
0.997669
0.978678
0.939954
0.959596
0.974563
0.997625
0.993658
0.959799
0.968825
0.981865
0.982412
0.989717
0.973568
0.974771
0.950935
0.977317
0.988662
0.994361
0.973039
0.969907
0.966759
0.970745
0.987593
0.965438
0.947115
0.969773
0.973339
0.992771
0.991170
0.963387
0.958716
0.970149
0.961644
0.993166
0.966427
0.967254
0.952164
0.971685
0.995074
0.995495
0.964200
0.958333
0.957179
0.957816
0.992629
0.966667
0.960494
0.963680
0.971157
0.984694
0.997877
0.978261
0.973214
0.952381
0.972900
0.988180
0.982183
0.960591
0.958042
0.974832
0.993088
0.993671
0.974118
0.965831
0.969620
0.956772
0.988318
0.985646
0.948529
0.949074
0.972467
0.992327
0.991150
0.973430
0.959811
0.967742
0.971867
0.992823
0.966387
0.958333
0.968825
0.974270
