8.675251e+04
6.736154e+04
4.766386e+04
3.096480e+04
2.261153e+04
1.644403e+04
1.211136e+04
6.138254e+03
5.069701e+03
4.731091e+03
2.198828e+03
1.696011e+03
1.338719e+03
9.906043e+02
9.630178e+02
7.290799e+02
6.013070e+02
8.667256e+04
6.729837e+04
4.755944e+04
3.088593e+04
2.265683e+04
1.637028e+04
1.196965e+04
6.147526e+03
4.932100e+03
4.652259e+03
2.220290e+03
1.706918e+03
1.356488e+03
9.856983e+02
9.482185e+02
7.288348e+02
5.992210e+02
8.578803e+04
6.734676e+04
4.746021e+04
3.100368e+04
2.287310e+04
1.648234e+04
1.201283e+04
6.162245e+03
5.049986e+03
4.671413e+03
2.199120e+03
1.712756e+03
1.332557e+03
9.844183e+02
9.507738e+02
7.241168e+02
5.846138e+02
8.708878e+04
6.702530e+04
4.764211e+04
3.102044e+04
2.261798e+04
1.659948e+04
1.194542e+04
6.122179e+03
5.085298e+03
4.655209e+03
2.197968e+03
1.682493e+03
1.343918e+03
9.743974e+02
9.457066e+02
7.252122e+02
5.984292e+02
8.598039e+04
6.714293e+04
4.782759e+04
3.102741e+04
2.256295e+04
1.668529e+04
1.190978e+04
6.107187e+03
5.132130e+03
4.665345e+03
2.196281e+03
1.706223e+03
1.334839e+03
9.763934e+02
9.454750e+02
7.217641e+02
5.870111e+02
8.702245e+04
6.738907e+04
4.748712e+04
3.116420e+04
2.255194e+04
1.657044e+04
1.194024e+04
6.095320e+03
4.939466e+03
4.681356e+03
2.198747e+03
1.704107e+03
1.349384e+03
9.748972e+02
9.601103e+02
7.239232e+02
6.005554e+02
8.652868e+04
6.715727e+04
4.749102e+04
3.116630e+04
2.296431e+04
1.641149e+04
1.193354e+04
6.181338e+03
5.111747e+03
4.728730e+03
2.200937e+03
1.699501e+03
1.330403e+03
9.888025e+02
9.499747e+02
7.247486e+02
6.010672e+02
8.586558e+04
6.737409e+04
4.805819e+04
3.111797e+04
2.296233e+04
1.646779e+04
1.202713e+04
6.062177e+03
5.064697e+03
4.755435e+03
2.191237e+03
1.708367e+03
1.336911e+03
9.772284e+02
9.490269e+02
7.244529e+02
5.867659e+02
8.515008e+04
6.747067e+04
4.796495e+04
3.072801e+04
2.263405e+04
1.649239e+04
1.198182e+04
6.118131e+03
5.120650e+03
4.708731e+03
2.182048e+03
1.726457e+03
1.347756e+03
9.892077e+02
9.649630e+02
7.239702e+02
5.826013e+02
8.679702e+04
6.740106e+04
4.747198e+04
3.126825e+04
2.272208e+04
1.668045e+04
1.198664e+04
6.172994e+03
5.139465e+03
4.684250e+03
2.203266e+03
1.708067e+03
1.330991e+03
9.941175e+02
9.645604e+02
7.076839e+02
5.884155e+02
8.675251e+04
6.736154e+04
4.766386e+04
3.096480e+04
2.261153e+04
1.644403e+04
1.211136e+04
6.138254e+03
5.069701e+03
4.731091e+03
2.198828e+03
1.696011e+03
1.338719e+03
9.906043e+02
9.630178e+02
7.290799e+02
6.013070e+02
4.857578e+02
4.307304e+02
3.582482e+02
2.865194e+02
2.228499e+02
2.510766e+02
1.859139e+02
1.653560e+02
1.447163e+02
1.230581e+02
8.667256e+04
6.729837e+04
4.755944e+04
3.088593e+04
2.265683e+04
1.637028e+04
1.196965e+04
6.147526e+03
4.932100e+03
4.652259e+03
2.220290e+03
1.706918e+03
1.356488e+03
9.856985e+02
9.482194e+02
7.288348e+02
5.992208e+02
4.871684e+02
4.366128e+02
3.506099e+02
2.890266e+02
2.240936e+02
2.415137e+02
1.826769e+02
1.650985e+02
1.498294e+02
1.261550e+02
8.578803e+04
6.734676e+04
4.746021e+04
3.100368e+04
2.287310e+04
1.648234e+04
1.201283e+04
6.162245e+03
5.049986e+03
4.671413e+03
2.199120e+03
1.712756e+03
1.332557e+03
9.844183e+02
9.507738e+02
7.241168e+02
5.846138e+02
4.825809e+02
4.295567e+02
3.492305e+02
2.859478e+02
2.181026e+02
2.495293e+02
1.849047e+02
1.641400e+02
1.553442e+02
1.212566e+02
8.708878e+04
6.702530e+04
4.764211e+04
3.102044e+04
2.261798e+04
1.659948e+04
1.194542e+04
6.122179e+03
5.085298e+03
4.655209e+03
2.197968e+03
1.682493e+03
1.343918e+03
9.743974e+02
9.457066e+02
7.252122e+02
5.984292e+02
4.783576e+02
4.171549e+02
3.540115e+02
2.819469e+02
2.192952e+02
2.506333e+02
1.830918e+02
1.666136e+02
1.522775e+02
1.232444e+02
8.598039e+04
6.714293e+04
4.782759e+04
3.102741e+04
2.256295e+04
1.668529e+04
1.190978e+04
6.107187e+03
5.132130e+03
4.665345e+03
2.196281e+03
1.706223e+03
1.334839e+03
9.763934e+02
9.454749e+02
7.217641e+02
5.870111e+02
4.811793e+02
4.327938e+02
3.471840e+02
2.859065e+02
2.197769e+02
2.498565e+02
1.855446e+02
1.630837e+02
1.544262e+02
1.276597e+02
8.702245e+04
6.738907e+04
4.748712e+04
3.116420e+04
2.255194e+04
1.657044e+04
1.194024e+04
6.095320e+03
4.939466e+03
4.681356e+03
2.198747e+03
1.704107e+03
1.349384e+03
9.748973e+02
9.601103e+02
7.239231e+02
6.005556e+02
4.794003e+02
4.286546e+02
3.448827e+02
2.840400e+02
2.214341e+02
2.489745e+02
1.811580e+02
1.701218e+02
1.533671e+02
1.247403e+02
8.652868e+04
6.715727e+04
4.749102e+04
3.116630e+04
2.296431e+04
1.641149e+04
1.193354e+04
6.181338e+03
5.111747e+03
4.728730e+03
2.200937e+03
1.699501e+03
1.330403e+03
9.888025e+02
9.499746e+02
7.247486e+02
6.010672e+02
4.861353e+02
4.284392e+02
3.494614e+02
2.844163e+02
2.206974e+02
2.448731e+02
1.868243e+02
1.648526e+02
1.557241e+02
1.229658e+02
8.586558e+04
6.737409e+04
4.805819e+04
3.111797e+04
2.296233e+04
1.646779e+04
1.202713e+04
6.062177e+03
5.064697e+03
4.755435e+03
2.191237e+03
1.708367e+03
1.336911e+03
9.772284e+02
9.490269e+02
7.244529e+02
5.867659e+02
4.880290e+02
4.231544e+02
3.520252e+02
2.871215e+02
2.163689e+02
2.474428e+02
1.849517e+02
1.630586e+02
1.479265e+02
1.243093e+02
8.515008e+04
6.747067e+04
4.796495e+04
3.072801e+04
2.263405e+04
1.649239e+04
1.198182e+04
6.118131e+03
5.120650e+03
4.708731e+03
2.182048e+03
1.726457e+03
1.347756e+03
9.892077e+02
9.649630e+02
7.239702e+02
5.826013e+02
4.855576e+02
4.329249e+02
3.468114e+02
2.820015e+02
2.211024e+02
2.483664e+02
1.818894e+02
1.679939e+02
1.475005e+02
1.232345e+02
8.679702e+04
6.740106e+04
4.747198e+04
3.126825e+04
2.272208e+04
1.668045e+04
1.198664e+04
6.172994e+03
5.139465e+03
4.684250e+03
2.203266e+03
1.708067e+03
1.330991e+03
9.941175e+02
9.645604e+02
7.076839e+02
5.884155e+02
4.833454e+02
4.364470e+02
3.454412e+02
2.831590e+02
2.220912e+02
2.505664e+02
1.860385e+02
1.660340e+02
1.569639e+02
1.219399e+02
8.675251e+04
6.736154e+04
4.766386e+04
3.096480e+04
2.261153e+04
1.644403e+04
1.211136e+04
6.138254e+03
5.069701e+03
4.731091e+03
2.198828e+03
1.696011e+03
1.338719e+03
9.906043e+02
9.630178e+02
7.290799e+02
6.013070e+02
4.857578e+02
4.307304e+02
3.582482e+02
2.865194e+02
2.228499e+02
2.510766e+02
1.859139e+02
1.653560e+02
1.447163e+02
1.230580e+02
9.851605e+01
9.635953e+01
8.242730e+01
8.203802e+01
6.894526e+01
6.067924e+01
5.127266e+01
5.002228e+01
4.490159e+01
3.649527e+01
8.667256e+04
6.729837e+04
4.755944e+04
3.088593e+04
2.265683e+04
1.637028e+04
1.196965e+04
6.147526e+03
4.932100e+03
4.652259e+03
2.220290e+03
1.706918e+03
1.356488e+03
9.856985e+02
9.482194e+02
7.288348e+02
5.992208e+02
4.871684e+02
4.366129e+02
3.506099e+02
2.890266e+02
2.240936e+02
2.415136e+02
1.826769e+02
1.650985e+02
1.498294e+02
1.261550e+02
9.603479e+01
9.067051e+01
8.259998e+01
8.310254e+01
7.140119e+01
5.899145e+01
5.449106e+01
4.984133e+01
4.896786e+01
3.895415e+01
8.578803e+04
6.734676e+04
4.746021e+04
3.100368e+04
2.287310e+04
1.648234e+04
1.201283e+04
6.162245e+03
5.049986e+03
4.671413e+03
2.199120e+03
1.712756e+03
1.332557e+03
9.844183e+02
9.507738e+02
7.241168e+02
5.846138e+02
4.825809e+02
4.295567e+02
3.492305e+02
2.859478e+02
2.181026e+02
2.495293e+02
1.849047e+02
1.641400e+02
1.553442e+02
1.212566e+02
9.648864e+01
9.467473e+01
8.098083e+01
8.181009e+01
6.934709e+01
6.037755e+01
5.029205e+01
4.938847e+01
4.461908e+01
3.672500e+01
8.708878e+04
6.702530e+04
4.764211e+04
3.102044e+04
2.261798e+04
1.659948e+04
1.194542e+04
6.122179e+03
5.085298e+03
4.655209e+03
2.197968e+03
1.682493e+03
1.343918e+03
9.743974e+02
9.457066e+02
7.252122e+02
5.984292e+02
4.783576e+02
4.171548e+02
3.540115e+02
2.819469e+02
2.192951e+02
2.506304e+02
1.830888e+02
1.666136e+02
1.522771e+02
1.232448e+02
9.566301e+01
9.655379e+01
7.981235e+01
8.295349e+01
6.952482e+01
5.980425e+01
5.092297e+01
4.997310e+01
4.612773e+01
3.666592e+01
8.598039e+04
6.714293e+04
4.782759e+04
3.102741e+04
2.256295e+04
1.668529e+04
1.190978e+04
6.107187e+03
5.132130e+03
4.665345e+03
2.196281e+03
1.706223e+03
1.334839e+03
9.763934e+02
9.454750e+02
7.217641e+02
5.870111e+02
4.811793e+02
4.327938e+02
3.471839e+02
2.859065e+02
2.197768e+02
2.498564e+02
1.855448e+02
1.630838e+02
1.544261e+02
1.276597e+02
9.805815e+01
9.663990e+01
8.172210e+01
8.188885e+01
6.842554e+01
6.134487e+01
5.036038e+01
5.105425e+01
4.372186e+01
3.764462e+01
8.702245e+04
6.738907e+04
4.748712e+04
3.116420e+04
2.255194e+04
1.657044e+04
1.194024e+04
6.095320e+03
4.939466e+03
4.681356e+03
2.198747e+03
1.704107e+03
1.349384e+03
9.748972e+02
9.601103e+02
7.239232e+02
6.005554e+02
4.794003e+02
4.286546e+02
3.448827e+02
2.840399e+02
2.214341e+02
2.489745e+02
1.811579e+02
1.701219e+02
1.533669e+02
1.247403e+02
9.614068e+01
8.990576e+01
8.253925e+01
7.981697e+01
6.887004e+01
6.109503e+01
5.157807e+01
4.903570e+01
4.590747e+01
3.724099e+01
8.652868e+04
6.715727e+04
4.749102e+04
3.116630e+04
2.296431e+04
1.641149e+04
1.193354e+04
6.181338e+03
5.111747e+03
4.728730e+03
2.200937e+03
1.699501e+03
1.330403e+03
9.888025e+02
9.499746e+02
7.247486e+02
6.010672e+02
4.861353e+02
4.284392e+02
3.494614e+02
2.844163e+02
2.206973e+02
2.448603e+02
1.868127e+02
1.648507e+02
1.557205e+02
1.229672e+02
9.710448e+01
9.691738e+01
8.140521e+01
8.052283e+01
7.035756e+01
6.048023e+01
5.125335e+01
4.893661e+01
4.437894e+01
3.839190e+01
8.586558e+04
6.737409e+04
4.805819e+04
3.111797e+04
2.296233e+04
1.646779e+04
1.202713e+04
6.062177e+03
5.064697e+03
4.755435e+03
2.191237e+03
1.708367e+03
1.336911e+03
9.772284e+02
9.490269e+02
7.244529e+02
5.867659e+02
4.880290e+02
4.231544e+02
3.520252e+02
2.871215e+02
2.163689e+02
2.474428e+02
1.849517e+02
1.630586e+02
1.479266e+02
1.243093e+02
9.886252e+01
9.261284e+01
8.132503e+01
7.886240e+01
7.076207e+01
5.754926e+01
5.453353e+01
5.047349e+01
4.827473e+01
3.777494e+01
8.515008e+04
6.747067e+04
4.796495e+04
3.072801e+04
2.263405e+04
1.649239e+04
1.198182e+04
6.118131e+03
5.120650e+03
4.708731e+03
2.182048e+03
1.726457e+03
1.347756e+03
9.892077e+02
9.649630e+02
7.239702e+02
5.826013e+02
4.855576e+02
4.329249e+02
3.468114e+02
2.820015e+02
2.211024e+02
2.483664e+02
1.818894e+02
1.679939e+02
1.475005e+02
1.232345e+02
9.573817e+01
9.307677e+01
8.193652e+01
8.068314e+01
7.051238e+01
5.847167e+01
5.399045e+01
5.018084e+01
4.653917e+01
3.814125e+01
8.679702e+04
6.740106e+04
4.747198e+04
3.126825e+04
2.272208e+04
1.668045e+04
1.198664e+04
6.172994e+03
5.139465e+03
4.684250e+03
2.203266e+03
1.708067e+03
1.330991e+03
9.941174e+02
9.645609e+02
7.076837e+02
5.884156e+02
4.833455e+02
4.364470e+02
3.454411e+02
2.831591e+02
2.220911e+02
2.505663e+02
1.860389e+02
1.660339e+02
1.569641e+02
1.219399e+02
9.615577e+01
9.299530e+01
8.030402e+01
8.146496e+01
7.018982e+01
6.001701e+01
5.149794e+01
4.851827e+01
4.584059e+01
3.785398e+01
8.675251e+04
6.736154e+04
4.766386e+04
3.096480e+04
2.261153e+04
1.644403e+04
1.211136e+04
6.138254e+03
5.069701e+03
4.731091e+03
2.198828e+03
1.696011e+03
1.338719e+03
9.906043e+02
9.630178e+02
7.290799e+02
6.013070e+02
4.857578e+02
4.307304e+02
3.582482e+02
2.865194e+02
2.228499e+02
2.510766e+02
1.859139e+02
1.653560e+02
1.447163e+02
1.230581e+02
9.851605e+01
9.635949e+01
8.242732e+01
8.203803e+01
6.894524e+01
6.067924e+01
5.127268e+01
5.002235e+01
4.490159e+01
3.651346e+01
3.862899e+01
3.580237e+01
3.968790e+01
3.034049e+01
2.917601e+01
2.508255e+01
2.253633e+01
1.942975e+01
1.833006e+01
1.690191e+01
8.667256e+04
6.729837e+04
4.755944e+04
3.088593e+04
2.265683e+04
1.637028e+04
1.196965e+04
6.147526e+03
4.932100e+03
4.652259e+03
2.220290e+03
1.706918e+03
1.356488e+03
9.856985e+02
9.482194e+02
7.288348e+02
5.992208e+02
4.871684e+02
4.366128e+02
3.506099e+02
2.890266e+02
2.240936e+02
2.415137e+02
1.826769e+02
1.650985e+02
1.498294e+02
1.261550e+02
9.603480e+01
9.067050e+01
8.259998e+01
8.310253e+01
7.140119e+01
5.899145e+01
5.449105e+01
4.984132e+01
4.896777e+01
3.895416e+01
3.916226e+01
3.576450e+01
3.504399e+01
3.379302e+01
3.031063e+01
2.506648e+01
2.217798e+01
1.879357e+01
1.813008e+01
1.789672e+01
8.578803e+04
6.734676e+04
4.746021e+04
3.100368e+04
2.287310e+04
1.648234e+04
1.201283e+04
6.162245e+03
5.049986e+03
4.671413e+03
2.199120e+03
1.712756e+03
1.332557e+03
9.844183e+02
9.507738e+02
7.241168e+02
5.846138e+02
4.825809e+02
4.295567e+02
3.492305e+02
2.859478e+02
2.181026e+02
2.495293e+02
1.849047e+02
1.641400e+02
1.553442e+02
1.212566e+02
9.648863e+01
9.467141e+01
8.098084e+01
8.181050e+01
6.934723e+01
6.037800e+01
5.029240e+01
4.938922e+01
4.461959e+01
3.672451e+01
3.997685e+01
3.497305e+01
3.843540e+01
3.230108e+01
2.917981e+01
2.503481e+01
2.111608e+01
1.942792e+01
1.859976e+01
1.731349e+01
8.708878e+04
6.702530e+04
4.764211e+04
3.102044e+04
2.261798e+04
1.659948e+04
1.194542e+04
6.122179e+03
5.085298e+03
4.655209e+03
2.197968e+03
1.682493e+03
1.343918e+03
9.743974e+02
9.457066e+02
7.252122e+02
5.984292e+02
4.783576e+02
4.171549e+02
3.540115e+02
2.819469e+02
2.192952e+02
2.506334e+02
1.830919e+02
1.666136e+02
1.522775e+02
1.232444e+02
9.566420e+01
9.652793e+01
7.981319e+01
8.295646e+01
6.952537e+01
5.980694e+01
5.092644e+01
4.997628e+01
4.613302e+01
3.666754e+01
3.806817e+01
3.480356e+01
3.807307e+01
3.268889e+01
3.131358e+01
2.509054e+01
2.160874e+01
1.982752e+01
1.935989e+01
1.771426e+01
8.598039e+04
6.714293e+04
4.782759e+04
3.102741e+04
2.256295e+04
1.668529e+04
1.190978e+04
6.107187e+03
5.132130e+03
4.665345e+03
2.196281e+03
1.706223e+03
1.334839e+03
9.763934e+02
9.454749e+02
7.217641e+02
5.870111e+02
4.811794e+02
4.327938e+02
3.471839e+02
2.859065e+02
2.197768e+02
2.498564e+02
1.855448e+02
1.630838e+02
1.544262e+02
1.276597e+02
9.805813e+01
9.664150e+01
8.172208e+01
8.188857e+01
6.842560e+01
6.134451e+01
5.036029e+01
5.105360e+01
4.372175e+01
3.764490e+01
4.035052e+01
3.482384e+01
3.775686e+01
3.428221e+01
2.977114e+01
2.525283e+01
2.212756e+01
1.998224e+01
1.837782e+01
1.705104e+01
8.702245e+04
6.738907e+04
4.748712e+04
3.116420e+04
2.255194e+04
1.657044e+04
1.194024e+04
6.095320e+03
4.939466e+03
4.681356e+03
2.198747e+03
1.704107e+03
1.349384e+03
9.748972e+02
9.601103e+02
7.239232e+02
6.005554e+02
4.794003e+02
4.286546e+02
3.448827e+02
2.840399e+02
2.214341e+02
2.489745e+02
1.811579e+02
1.701219e+02
1.533669e+02
1.247403e+02
9.614068e+01
8.990574e+01
8.253925e+01
7.981696e+01
6.887003e+01
6.109505e+01
5.157808e+01
4.903570e+01
4.590748e+01
3.724102e+01
3.713954e+01
3.433646e+01
3.720728e+01
3.183993e+01
3.137545e+01
2.426018e+01
2.060315e+01
1.996525e+01
1.975504e+01
1.588092e+01
8.652868e+04
6.715727e+04
4.749102e+04
3.116630e+04
2.296431e+04
1.641149e+04
1.193354e+04
6.181338e+03
5.111747e+03
4.728730e+03
2.200937e+03
1.699501e+03
1.330403e+03
9.888025e+02
9.499747e+02
7.247486e+02
6.010672e+02
4.861353e+02
4.284392e+02
3.494614e+02
2.844163e+02
2.206973e+02
2.448603e+02
1.868128e+02
1.648507e+02
1.557205e+02
1.229671e+02
9.710449e+01
9.691738e+01
8.140520e+01
8.052284e+01
7.035756e+01
6.048023e+01
5.125337e+01
4.893248e+01
4.437670e+01
3.839252e+01
3.950248e+01
3.495814e+01
3.754777e+01
3.264035e+01
3.052388e+01
2.449999e+01
2.128830e+01
1.903976e+01
1.828231e+01
1.664338e+01
8.586558e+04
6.737409e+04
4.805819e+04
3.111797e+04
2.296233e+04
1.646779e+04
1.202713e+04
6.062177e+03
5.064697e+03
4.755435e+03
2.191237e+03
1.708367e+03
1.336911e+03
9.772284e+02
9.490269e+02
7.244529e+02
5.867659e+02
4.880290e+02
4.231544e+02
3.520252e+02
2.871215e+02
2.163689e+02
2.474428e+02
1.849517e+02
1.630586e+02
1.479265e+02
1.243093e+02
9.886251e+01
9.261282e+01
8.132504e+01
7.886240e+01
7.076206e+01
5.754930e+01
5.453353e+01
5.047349e+01
4.827476e+01
3.777495e+01
3.766009e+01
3.460335e+01
4.089031e+01
3.388742e+01
3.088314e+01
2.472073e+01
2.033011e+01
1.973539e+01
1.895044e+01
1.577471e+01
8.515008e+04
6.747067e+04
4.796495e+04
3.072801e+04
2.263405e+04
1.649239e+04
1.198182e+04
6.118131e+03
5.120650e+03
4.708731e+03
2.182048e+03
1.726457e+03
1.347756e+03
9.892077e+02
9.649630e+02
7.239702e+02
5.826013e+02
4.855576e+02
4.329249e+02
3.468114e+02
2.820015e+02
2.211024e+02
2.483664e+02
1.818893e+02
1.679939e+02
1.475005e+02
1.232345e+02
9.573812e+01
9.308104e+01
8.193631e+01
8.068272e+01
7.051237e+01
5.847141e+01
5.398969e+01
5.018040e+01
4.653823e+01
3.814076e+01
3.817868e+01
3.301671e+01
4.224437e+01
2.980312e+01
2.767774e+01
2.483193e+01
2.265636e+01
1.972809e+01
1.787596e+01
1.743215e+01
8.679702e+04
6.740106e+04
4.747198e+04
3.126825e+04
2.272208e+04
1.668045e+04
1.198664e+04
6.172994e+03
5.139465e+03
4.684250e+03
2.203266e+03
1.708067e+03
1.330991e+03
9.941174e+02
9.645609e+02
7.076837e+02
5.884156e+02
4.833455e+02
4.364470e+02
3.454411e+02
2.831591e+02
2.220911e+02
2.505663e+02
1.860387e+02
1.660339e+02
1.569643e+02
1.219399e+02
9.615575e+01
9.299511e+01
8.030402e+01
8.146496e+01
7.018985e+01
6.001709e+01
5.149786e+01
4.853584e+01
4.583776e+01
3.785348e+01
4.007275e+01
3.514939e+01
4.253218e+01
3.030175e+01
2.675126e+01
2.501519e+01
2.199190e+01
1.841840e+01
1.864654e+01
1.752425e+01
8.675251e+04
6.736154e+04
4.766386e+04
3.096480e+04
2.261153e+04
1.644403e+04
1.211136e+04
6.138254e+03
5.069701e+03
4.731091e+03
2.198828e+03
1.696011e+03
1.338719e+03
9.906043e+02
9.630178e+02
7.290799e+02
6.013070e+02
4.857578e+02
4.307304e+02
3.582482e+02
2.865194e+02
2.228499e+02
2.510766e+02
1.859137e+02
1.653560e+02
1.447164e+02
1.230580e+02
9.851604e+01
9.635969e+01
8.242729e+01
8.203801e+01
6.894535e+01
6.067927e+01
5.127264e+01
5.002221e+01
4.490163e+01
3.651349e+01
3.862935e+01
3.580204e+01
3.968801e+01
3.034051e+01
2.917621e+01
2.508313e+01
2.253626e+01
1.942970e+01
1.832997e+01
1.690217e+01
1.630786e+01
1.320743e+01
1.309280e+01
1.225666e+01
1.230903e+01
1.013749e+01
9.297921e+00
8.143362e+00
8.530836e+00
7.028664e+00
8.667256e+04
6.729837e+04
4.755944e+04
3.088593e+04
2.265683e+04
1.637028e+04
1.196965e+04
6.147526e+03
4.932100e+03
4.652259e+03
2.220290e+03
1.706918e+03
1.356488e+03
9.856985e+02
9.482194e+02
7.288348e+02
5.992208e+02
4.871684e+02
4.366128e+02
3.506099e+02
2.890266e+02
2.240936e+02
2.415136e+02
1.826769e+02
1.650985e+02
1.498294e+02
1.261550e+02
9.603479e+01
9.067053e+01
8.259997e+01
8.310253e+01
7.140120e+01
5.899145e+01
5.449106e+01
4.984134e+01
4.896776e+01
3.895415e+01
3.916227e+01
3.576449e+01
3.504400e+01
3.379302e+01
3.031063e+01
2.506649e+01
2.217823e+01
1.879357e+01
1.813600e+01
1.789034e+01
1.614028e+01
1.540973e+01
1.340367e+01
1.178911e+01
1.085085e+01
1.074934e+01
8.941564e+00
8.514007e+00
8.262265e+00
7.482072e+00
8.578803e+04
6.734676e+04
4.746021e+04
3.100368e+04
2.287310e+04
1.648234e+04
1.201283e+04
6.162245e+03
5.049986e+03
4.671413e+03
2.199120e+03
1.712756e+03
1.332557e+03
9.844183e+02
9.507738e+02
7.241168e+02
5.846138e+02
4.825809e+02
4.295567e+02
3.492305e+02
2.859478e+02
2.181026e+02
2.495293e+02
1.849047e+02
1.641400e+02
1.553442e+02
1.212566e+02
9.648863e+01
9.467134e+01
8.098083e+01
8.181050e+01
6.934719e+01
6.037809e+01
5.029234e+01
4.938921e+01
4.461971e+01
3.672451e+01
3.997683e+01
3.497306e+01
3.843538e+01
3.230100e+01
2.917990e+01
2.503487e+01
2.111604e+01
1.942793e+01
1.859970e+01
1.731344e+01
1.439043e+01
1.358535e+01
1.206063e+01
1.234027e+01
1.107141e+01
1.068274e+01
9.191249e+00
8.601616e+00
8.963812e+00
7.580622e+00
8.708878e+04
6.702530e+04
4.764211e+04
3.102044e+04
2.261798e+04
1.659948e+04
1.194542e+04
6.122179e+03
5.085298e+03
4.655209e+03
2.197968e+03
1.682493e+03
1.343918e+03
9.743974e+02
9.457066e+02
7.252122e+02
5.984292e+02
4.783576e+02
4.171548e+02
3.540115e+02
2.819469e+02
2.192952e+02
2.506333e+02
1.830919e+02
1.666136e+02
1.522775e+02
1.232444e+02
9.566418e+01
9.653479e+01
7.981298e+01
8.295563e+01
6.952519e+01
5.980627e+01
5.092534e+01
4.997553e+01
4.613142e+01
3.666715e+01
3.808654e+01
3.480223e+01
3.807372e+01
3.267450e+01
3.131179e+01
2.509100e+01
2.160919e+01
1.982782e+01
1.935945e+01
1.771212e+01
1.508100e+01
1.409996e+01
1.298037e+01
1.200875e+01
1.156773e+01
1.086327e+01
9.138650e+00
8.469603e+00
8.528625e+00
7.361239e+00
8.598039e+04
6.714293e+04
4.782759e+04
3.102741e+04
2.256295e+04
1.668529e+04
1.190978e+04
6.107187e+03
5.132130e+03
4.665345e+03
2.196281e+03
1.706223e+03
1.334839e+03
9.763934e+02
9.454749e+02
7.217641e+02
5.870111e+02
4.811794e+02
4.327938e+02
3.471839e+02
2.859065e+02
2.197768e+02
2.498564e+02
1.855448e+02
1.630838e+02
1.544262e+02
1.276597e+02
9.805808e+01
9.665068e+01
8.172195e+01
8.188688e+01
6.842598e+01
6.134253e+01
5.035969e+01
5.104993e+01
4.372112e+01
3.764653e+01
4.034548e+01
3.482510e+01
3.774625e+01
3.429403e+01
2.976856e+01
2.525477e+01
2.213180e+01
1.998292e+01
1.837384e+01
1.705749e+01
1.610294e+01
1.417298e+01
1.218001e+01
1.191078e+01
1.237452e+01
1.077912e+01
8.745620e+00
9.005973e+00
8.129884e+00
7.297125e+00
8.702245e+04
6.738907e+04
4.748712e+04
3.116420e+04
2.255194e+04
1.657044e+04
1.194024e+04
6.095320e+03
4.939466e+03
4.681356e+03
2.198747e+03
1.704107e+03
1.349384e+03
9.748972e+02
9.601103e+02
7.239232e+02
6.005554e+02
4.794003e+02
4.286546e+02
3.448827e+02
2.840399e+02
2.214341e+02
2.489745e+02
1.811579e+02
1.701219e+02
1.533669e+02
1.247403e+02
9.614067e+01
8.990574e+01
8.253926e+01
7.981697e+01
6.887003e+01
6.109505e+01
5.157808e+01
4.903570e+01
4.590749e+01
3.724099e+01
3.713956e+01
3.433592e+01
3.721088e+01
3.184117e+01
