0.971084
0.917184
0.977157
0.946903
0.986772
0.956962
0.956938
0.955457
0.971204
0.912442
0.955210
0.987212
0.937374
0.968293
0.948775
0.965969
0.964674
0.967442
0.970917
0.981723
0.912360
0.960474
0.966368
0.949698
0.982759
0.949886
0.981481
0.953488
0.952381
0.955504
0.970899
0.916667
0.957913
0.957921
0.933610
0.979798
0.958435
0.975787
0.961240
0.960373
0.957537
0.956640
0.897727
0.953907
0.972665
0.937107
0.983051
0.949192
0.985816
0.920673
0.959391
0.944700
0.979472
0.897674
0.952974
0.970297
0.941650
0.981043
0.938215
0.983133
0.959893
0.957746
0.944444
0.972973
0.929705
0.957910
0.972973
0.934694
0.981333
0.962441
0.987562
0.955801
0.955056
0.945720
0.970588
0.911330
0.957750
0.976636
0.932540
0.986595
0.959135
0.976190
0.979798
0.974684
0.947253
0.973747
0.928899
0.963548
0.973214
0.941176
0.979592
0.944056
0.968481
0.938667
0.961259
0.936219
0.974425
0.925558
0.954265
0.973684
0.937238
0.976077
0.960280
0.964646
0.949580
0.953540
0.929577
0.971576
0.927273
0.954347
0.966346
0.894949
0.979381
0.933333
0.981579
0.947368
0.952153
0.948081
0.972973
0.897959
0.947412
0.982143
0.924303
0.970370
0.942350
0.963446
0.964384
0.962791
0.970588
0.978892
0.900222
0.955949
0.966216
0.929134
0.982368
0.940367
0.981333
0.944928
0.943439
0.946387
0.967655
0.894040
0.949587
0.955335
0.912779
0.982051
0.960688
0.973301
0.958974
0.951276
0.952991
0.959239
0.894977
0.950161
0.965831
0.917864
0.980440
0.940092
0.980907
0.921951
0.942786
0.941860
0.976048
0.883028
0.945081
0.960688
0.923077
0.980723
0.937500
0.980676
0.967568
0.951049
0.937349
0.967480
0.927602
0.953371
0.970588
0.915832
0.980926
0.953271
0.982630
0.942308
0.944321
0.941053
0.975062
0.899015
0.950501
0.981132
0.910853
0.983696
0.947242
0.983784
0.972152
0.969697
0.936957
0.971084
0.917995
0.957459
0.968680
0.927944
0.976864
0.941452
0.957143
0.940379
0.945107
0.939675
0.966667
0.911980
0.947589
0.971292
0.904858
0.973366
0.955083
0.966495
0.947075
0.947137
0.922353
0.963446
0.911964
0.946307
0.961631
0.880716
0.979328
0.932584
0.973615
0.941919
0.940618
0.941704
0.970190
0.892449
0.941475
0.984655
0.918812
0.967500
0.943820
0.962963
0.953930
0.956019
0.964045
0.973545
0.886214
0.951150
0.966063
0.916505
0.979747
0.929062
0.978610
0.938776
0.943439
0.933025
0.967213
0.887417
0.943986
0.955224
0.896414
0.979328
0.953545
0.972772
0.956186
0.951163
0.948718
0.956284
0.880631
0.945026
0.961276
0.897590
0.977723
0.933486
0.978155
0.921569
0.938119
0.939252
0.972892
0.870159
0.939022
0.958231
0.912281
0.982843
0.926267
0.977995
0.959569
0.946512
0.927885
0.966759
0.904656
0.946300
0.968137
0.896078
0.983562
0.946136
0.979849
0.936813
0.944321
0.940678
0.969773
0.888078
0.945343
