0.992611
0.997748
0.918854
0.938596
0.939547
0.937965
0.982801
0.953333
0.916049
0.958838
0.953634
0.984694
0.985138
0.958937
0.950893
0.924812
0.962060
0.983452
0.966592
0.926108
0.946387
0.958907
0.993088
0.995781
0.938824
0.949886
0.939241
0.945245
0.981308
0.976077
0.899510
0.942130
0.956109
0.989770
0.995575
0.937198
0.926714
0.928571
0.951407
0.985646
0.947479
0.919271
0.947242
0.952887
0.993023
0.986755
0.944186
0.938356
0.930804
0.957500
0.984375
0.957944
0.872063
0.950739
0.951574
0.984925
0.995745
0.949541
0.938215
0.948837
0.944737
0.978417
0.963054
0.911392
0.951276
0.956614
0.980198
0.991342
0.929293
0.964706
0.945238
0.945355
0.990676
0.965885
0.914550
0.934343
0.956159
0.992874
0.993658
0.924623
0.956835
0.955959
0.974874
0.989717
0.949339
0.935780
0.946262
0.961992
0.988662
0.992481
0.941176
0.937500
0.936288
0.936170
0.985112
0.947005
0.915865
0.939547
0.951981
0.980723
0.988962
0.933638
0.942661
0.950249
0.928767
0.981777
0.949640
0.947103
0.929385
0.953291
0.990148
0.997748
0.906921
0.921053
0.939547
0.937965
0.977887
0.933333
0.888889
0.958838
0.945233
0.982143
0.985138
0.949275
0.948661
0.924812
0.953930
0.978723
0.955457
0.913793
0.946387
0.953832
0.988479
0.995781
0.917647
0.933941
0.931646
0.939481
0.974299
0.971292
0.879902
0.937500
0.946997
0.984655
0.995575
0.925121
0.924350
0.923963
0.956522
0.980861
0.936975
0.919271
0.940048
0.948734
0.986047
0.986755
0.932558
0.931507
0.917411
0.945000
0.986979
0.946262
0.851175
0.948276
0.943197
0.982412
0.995745
0.933486
0.926773
0.944186
0.942105
0.978417
0.958128
0.903797
0.951276
0.951633
0.980198
0.989177
0.909091
0.960000
0.942857
0.937158
0.988345
0.953092
0.903002
0.921717
0.948464
0.988124
0.993658
0.909548
0.947242
0.943005
0.964824
0.987147
0.949339
0.924312
0.941589
0.954879
0.981859
0.992481
0.931373
0.930556
0.927978
0.922872
0.982630
0.933180
0.906250
0.939547
0.944873
0.978313
0.986755
0.919908
0.926606
0.932836
0.931507
0.979499
0.940048
0.929471
0.920273
0.944522
0.987685
0.997748
0.904535
0.910088
0.929471
0.925558
0.972973
0.933333
0.883951
0.944310
0.938965
0.982143
0.985138
0.934783
0.937500
0.912281
0.953930
0.976359
0.955457
0.906404
0.944056
0.948805
0.983871
0.995781
0.910588
0.924829
0.926582
0.927954
0.974299
0.966507
0.867647
0.930556
0.940861
0.982097
0.995575
0.915459
0.921986
0.905530
0.948849
0.978469
0.932773
0.911458
0.937650
0.942985
0.981395
0.986755
0.918605
0.929224
0.899554
0.940000
0.986979
0.939252
0.843342
0.940887
0.936599
0.979899
0.995745
0.919725
0.919908
0.930233
0.936842
0.976019
0.950739
0.883544
0.946636
0.943929
0.977723
0.989177
0.906566
0.950588
0.926190
0.931694
0.988345
0.946695
0.889145
0.921717
0.942784
